{
  "uid" : "1ab5b05990aa3128",
  "name" : "userCanSearchAnyKeyword",
  "fullName" : "de.telekom.supersite.SuperTest.userCanSearchAnyKeyword",
  "historyId" : "b6193f0c53f8f7bf0af06e7492dbd7d6",
  "time" : {
    "start" : 1638460817644,
    "stop" : 1638460874274,
    "duration" : 56630
  },
  "status" : "failed",
  "statusMessage" : "Test userCanSearchAnyKeyword(de.telekom.supersite.SuperTest) failed.\n9 checks failed\n\nFAIL #1: Element should have text 'I`m gonna be tested' {By.id: test_me}\nElement: '<div id=\"test_me\">I'm gonna be tested</div>'\nScreenshot: file:/builds/testopstraining/group4/super-site/tests/build/reports/tests/1638460836784.0.png\nPage source: file:/builds/testopstraining/group4/super-site/tests/build/reports/tests/1638460836784.0.html\nTimeout: 4 s.\n\nFAIL #2: Element should have text 'I`m gonna be tested' {By.id: test_me}\nElement: '<p id=\"test_me\">I'm gonna be tested</p>'\nScreenshot: file:/builds/testopstraining/group4/super-site/tests/build/reports/tests/1638460841846.1.png\nPage source: file:/builds/testopstraining/group4/super-site/tests/build/reports/tests/1638460841846.1.html\nTimeout: 4 s.\n\nFAIL #3: Element not found {By.id: test_me}\nExpected: text 'I`m gonna be tested'\nScreenshot: file:/builds/testopstraining/group4/super-site/tests/build/reports/tests/1638460846580.2.png\nPage source: file:/builds/testopstraining/group4/super-site/tests/build/reports/tests/1638460846580.2.html\nTimeout: 4 s.\nCaused by: NoSuchElementException: no such element: Unable to locate element: {\"method\":\"css selector\",\"selector\":\"#test_me\"}\n\nFAIL #4: Element not found {By.id: test_me}\nExpected: text 'I`m gonna be tested'\nScreenshot: file:/builds/testopstraining/group4/super-site/tests/build/reports/tests/1638460851141.3.png\nPage source: file:/builds/testopstraining/group4/super-site/tests/build/reports/tests/1638460851141.3.html\nTimeout: 4 s.\nCaused by: NoSuchElementException: no such element: Unable to locate element: {\"method\":\"css selector\",\"selector\":\"#test_me\"}\n\nFAIL #5: Element not found {By.id: test_me}\nExpected: text 'I`m gonna be tested'\nScreenshot: file:/builds/testopstraining/group4/super-site/tests/build/reports/tests/1638460855892.4.png\nPage source: file:/builds/testopstraining/group4/super-site/tests/build/reports/tests/1638460855892.4.html\nTimeout: 4 s.\nCaused by: NoSuchElementException: no such element: Unable to locate element: {\"method\":\"css selector\",\"selector\":\"#test_me\"}\n\nFAIL #6: Element should have text 'I`m gonna be tested' {By.id: test_me}\nElement: '<p id=\"test_me\">I'm gonna be tested</p>'\nScreenshot: file:/builds/testopstraining/group4/super-site/tests/build/reports/tests/1638460860401.5.png\nPage source: file:/builds/testopstraining/group4/super-site/tests/build/reports/tests/1638460860401.5.html\nTimeout: 4 s.\n\nFAIL #7: Element not found {By.id: test_me}\nExpected: text 'I`m gonna be tested'\nScreenshot: file:/builds/testopstraining/group4/super-site/tests/build/reports/tests/1638460864943.6.png\nPage source: file:/builds/testopstraining/group4/super-site/tests/build/reports/tests/1638460864943.6.html\nTimeout: 4 s.\nCaused by: NoSuchElementException: no such element: Unable to locate element: {\"method\":\"css selector\",\"selector\":\"#test_me\"}\n\nFAIL #8: Element not found {By.id: test_me}\nExpected: text 'I`m gonna be tested'\nScreenshot: file:/builds/testopstraining/group4/super-site/tests/build/reports/tests/1638460869442.7.png\nPage source: file:/builds/testopstraining/group4/super-site/tests/build/reports/tests/1638460869442.7.html\nTimeout: 4 s.\nCaused by: NoSuchElementException: no such element: Unable to locate element: {\"method\":\"css selector\",\"selector\":\"#test_me\"}\n\nFAIL #9: Element not found {By.id: test_me}\nExpected: text 'I`m gonna be tested'\nScreenshot: file:/builds/testopstraining/group4/super-site/tests/build/reports/tests/1638460873912.8.png\nPage source: file:/builds/testopstraining/group4/super-site/tests/build/reports/tests/1638460873912.8.html\nTimeout: 4 s.\nCaused by: NoSuchElementException: no such element: Unable to locate element: {\"method\":\"css selector\",\"selector\":\"#test_me\"}\n",
  "statusTrace" : "com.codeborne.selenide.ex.SoftAssertionError: Test userCanSearchAnyKeyword(de.telekom.supersite.SuperTest) failed.\n9 checks failed\n\nFAIL #1: Element should have text 'I`m gonna be tested' {By.id: test_me}\nElement: '<div id=\"test_me\">I'm gonna be tested</div>'\nScreenshot: file:/builds/testopstraining/group4/super-site/tests/build/reports/tests/1638460836784.0.png\nPage source: file:/builds/testopstraining/group4/super-site/tests/build/reports/tests/1638460836784.0.html\nTimeout: 4 s.\n\nFAIL #2: Element should have text 'I`m gonna be tested' {By.id: test_me}\nElement: '<p id=\"test_me\">I'm gonna be tested</p>'\nScreenshot: file:/builds/testopstraining/group4/super-site/tests/build/reports/tests/1638460841846.1.png\nPage source: file:/builds/testopstraining/group4/super-site/tests/build/reports/tests/1638460841846.1.html\nTimeout: 4 s.\n\nFAIL #3: Element not found {By.id: test_me}\nExpected: text 'I`m gonna be tested'\nScreenshot: file:/builds/testopstraining/group4/super-site/tests/build/reports/tests/1638460846580.2.png\nPage source: file:/builds/testopstraining/group4/super-site/tests/build/reports/tests/1638460846580.2.html\nTimeout: 4 s.\nCaused by: NoSuchElementException: no such element: Unable to locate element: {\"method\":\"css selector\",\"selector\":\"#test_me\"}\n\nFAIL #4: Element not found {By.id: test_me}\nExpected: text 'I`m gonna be tested'\nScreenshot: file:/builds/testopstraining/group4/super-site/tests/build/reports/tests/1638460851141.3.png\nPage source: file:/builds/testopstraining/group4/super-site/tests/build/reports/tests/1638460851141.3.html\nTimeout: 4 s.\nCaused by: NoSuchElementException: no such element: Unable to locate element: {\"method\":\"css selector\",\"selector\":\"#test_me\"}\n\nFAIL #5: Element not found {By.id: test_me}\nExpected: text 'I`m gonna be tested'\nScreenshot: file:/builds/testopstraining/group4/super-site/tests/build/reports/tests/1638460855892.4.png\nPage source: file:/builds/testopstraining/group4/super-site/tests/build/reports/tests/1638460855892.4.html\nTimeout: 4 s.\nCaused by: NoSuchElementException: no such element: Unable to locate element: {\"method\":\"css selector\",\"selector\":\"#test_me\"}\n\nFAIL #6: Element should have text 'I`m gonna be tested' {By.id: test_me}\nElement: '<p id=\"test_me\">I'm gonna be tested</p>'\nScreenshot: file:/builds/testopstraining/group4/super-site/tests/build/reports/tests/1638460860401.5.png\nPage source: file:/builds/testopstraining/group4/super-site/tests/build/reports/tests/1638460860401.5.html\nTimeout: 4 s.\n\nFAIL #7: Element not found {By.id: test_me}\nExpected: text 'I`m gonna be tested'\nScreenshot: file:/builds/testopstraining/group4/super-site/tests/build/reports/tests/1638460864943.6.png\nPage source: file:/builds/testopstraining/group4/super-site/tests/build/reports/tests/1638460864943.6.html\nTimeout: 4 s.\nCaused by: NoSuchElementException: no such element: Unable to locate element: {\"method\":\"css selector\",\"selector\":\"#test_me\"}\n\nFAIL #8: Element not found {By.id: test_me}\nExpected: text 'I`m gonna be tested'\nScreenshot: file:/builds/testopstraining/group4/super-site/tests/build/reports/tests/1638460869442.7.png\nPage source: file:/builds/testopstraining/group4/super-site/tests/build/reports/tests/1638460869442.7.html\nTimeout: 4 s.\nCaused by: NoSuchElementException: no such element: Unable to locate element: {\"method\":\"css selector\",\"selector\":\"#test_me\"}\n\nFAIL #9: Element not found {By.id: test_me}\nExpected: text 'I`m gonna be tested'\nScreenshot: file:/builds/testopstraining/group4/super-site/tests/build/reports/tests/1638460873912.8.png\nPage source: file:/builds/testopstraining/group4/super-site/tests/build/reports/tests/1638460873912.8.html\nTimeout: 4 s.\nCaused by: NoSuchElementException: no such element: Unable to locate element: {\"method\":\"css selector\",\"selector\":\"#test_me\"}\n\n\tat com.codeborne.selenide.logevents.ErrorsCollector.failIfErrors(ErrorsCollector.java:64)\n\tat com.codeborne.selenide.junit.SoftAsserts.after(SoftAsserts.java:40)\n\tat org.junit.rules.ExternalResource$1.evaluate(ExternalResource.java:59)\n\tat org.junit.runners.ParentRunner$3.evaluate(ParentRunner.java:306)\n\tat org.junit.runners.BlockJUnit4ClassRunner$1.evaluate(BlockJUnit4ClassRunner.java:100)\n\tat org.junit.runners.ParentRunner.runLeaf(ParentRunner.java:366)\n\tat org.junit.runners.BlockJUnit4ClassRunner.runChild(BlockJUnit4ClassRunner.java:103)\n\tat org.junit.runners.BlockJUnit4ClassRunner.runChild(BlockJUnit4ClassRunner.java:63)\n\tat org.junit.runners.ParentRunner$4.run(ParentRunner.java:331)\n\tat org.junit.runners.ParentRunner$1.schedule(ParentRunner.java:79)\n\tat org.junit.runners.ParentRunner.runChildren(ParentRunner.java:329)\n\tat org.junit.runners.ParentRunner.access$100(ParentRunner.java:66)\n\tat org.junit.runners.ParentRunner$2.evaluate(ParentRunner.java:293)\n\tat org.junit.internal.runners.statements.RunBefores.evaluate(RunBefores.java:26)\n\tat org.junit.runners.ParentRunner$3.evaluate(ParentRunner.java:306)\n\tat org.junit.runners.ParentRunner.run(ParentRunner.java:413)\n\tat org.apache.maven.surefire.junit4.JUnit4Provider.execute(JUnit4Provider.java:364)\n\tat org.apache.maven.surefire.junit4.JUnit4Provider.executeWithRerun(JUnit4Provider.java:272)\n\tat org.apache.maven.surefire.junit4.JUnit4Provider.executeTestSet(JUnit4Provider.java:237)\n\tat org.apache.maven.surefire.junit4.JUnit4Provider.invoke(JUnit4Provider.java:158)\n\tat org.apache.maven.surefire.booter.ForkedBooter.runSuitesInProcess(ForkedBooter.java:428)\n\tat org.apache.maven.surefire.booter.ForkedBooter.execute(ForkedBooter.java:162)\n\tat org.apache.maven.surefire.booter.ForkedBooter.run(ForkedBooter.java:562)\n\tat org.apache.maven.surefire.booter.ForkedBooter.main(ForkedBooter.java:548)\n",
  "flaky" : false,
  "beforeStages" : [ ],
  "testStage" : {
    "status" : "failed",
    "statusMessage" : "Test userCanSearchAnyKeyword(de.telekom.supersite.SuperTest) failed.\n9 checks failed\n\nFAIL #1: Element should have text 'I`m gonna be tested' {By.id: test_me}\nElement: '<div id=\"test_me\">I'm gonna be tested</div>'\nScreenshot: file:/builds/testopstraining/group4/super-site/tests/build/reports/tests/1638460836784.0.png\nPage source: file:/builds/testopstraining/group4/super-site/tests/build/reports/tests/1638460836784.0.html\nTimeout: 4 s.\n\nFAIL #2: Element should have text 'I`m gonna be tested' {By.id: test_me}\nElement: '<p id=\"test_me\">I'm gonna be tested</p>'\nScreenshot: file:/builds/testopstraining/group4/super-site/tests/build/reports/tests/1638460841846.1.png\nPage source: file:/builds/testopstraining/group4/super-site/tests/build/reports/tests/1638460841846.1.html\nTimeout: 4 s.\n\nFAIL #3: Element not found {By.id: test_me}\nExpected: text 'I`m gonna be tested'\nScreenshot: file:/builds/testopstraining/group4/super-site/tests/build/reports/tests/1638460846580.2.png\nPage source: file:/builds/testopstraining/group4/super-site/tests/build/reports/tests/1638460846580.2.html\nTimeout: 4 s.\nCaused by: NoSuchElementException: no such element: Unable to locate element: {\"method\":\"css selector\",\"selector\":\"#test_me\"}\n\nFAIL #4: Element not found {By.id: test_me}\nExpected: text 'I`m gonna be tested'\nScreenshot: file:/builds/testopstraining/group4/super-site/tests/build/reports/tests/1638460851141.3.png\nPage source: file:/builds/testopstraining/group4/super-site/tests/build/reports/tests/1638460851141.3.html\nTimeout: 4 s.\nCaused by: NoSuchElementException: no such element: Unable to locate element: {\"method\":\"css selector\",\"selector\":\"#test_me\"}\n\nFAIL #5: Element not found {By.id: test_me}\nExpected: text 'I`m gonna be tested'\nScreenshot: file:/builds/testopstraining/group4/super-site/tests/build/reports/tests/1638460855892.4.png\nPage source: file:/builds/testopstraining/group4/super-site/tests/build/reports/tests/1638460855892.4.html\nTimeout: 4 s.\nCaused by: NoSuchElementException: no such element: Unable to locate element: {\"method\":\"css selector\",\"selector\":\"#test_me\"}\n\nFAIL #6: Element should have text 'I`m gonna be tested' {By.id: test_me}\nElement: '<p id=\"test_me\">I'm gonna be tested</p>'\nScreenshot: file:/builds/testopstraining/group4/super-site/tests/build/reports/tests/1638460860401.5.png\nPage source: file:/builds/testopstraining/group4/super-site/tests/build/reports/tests/1638460860401.5.html\nTimeout: 4 s.\n\nFAIL #7: Element not found {By.id: test_me}\nExpected: text 'I`m gonna be tested'\nScreenshot: file:/builds/testopstraining/group4/super-site/tests/build/reports/tests/1638460864943.6.png\nPage source: file:/builds/testopstraining/group4/super-site/tests/build/reports/tests/1638460864943.6.html\nTimeout: 4 s.\nCaused by: NoSuchElementException: no such element: Unable to locate element: {\"method\":\"css selector\",\"selector\":\"#test_me\"}\n\nFAIL #8: Element not found {By.id: test_me}\nExpected: text 'I`m gonna be tested'\nScreenshot: file:/builds/testopstraining/group4/super-site/tests/build/reports/tests/1638460869442.7.png\nPage source: file:/builds/testopstraining/group4/super-site/tests/build/reports/tests/1638460869442.7.html\nTimeout: 4 s.\nCaused by: NoSuchElementException: no such element: Unable to locate element: {\"method\":\"css selector\",\"selector\":\"#test_me\"}\n\nFAIL #9: Element not found {By.id: test_me}\nExpected: text 'I`m gonna be tested'\nScreenshot: file:/builds/testopstraining/group4/super-site/tests/build/reports/tests/1638460873912.8.png\nPage source: file:/builds/testopstraining/group4/super-site/tests/build/reports/tests/1638460873912.8.html\nTimeout: 4 s.\nCaused by: NoSuchElementException: no such element: Unable to locate element: {\"method\":\"css selector\",\"selector\":\"#test_me\"}\n",
    "statusTrace" : "com.codeborne.selenide.ex.SoftAssertionError: Test userCanSearchAnyKeyword(de.telekom.supersite.SuperTest) failed.\n9 checks failed\n\nFAIL #1: Element should have text 'I`m gonna be tested' {By.id: test_me}\nElement: '<div id=\"test_me\">I'm gonna be tested</div>'\nScreenshot: file:/builds/testopstraining/group4/super-site/tests/build/reports/tests/1638460836784.0.png\nPage source: file:/builds/testopstraining/group4/super-site/tests/build/reports/tests/1638460836784.0.html\nTimeout: 4 s.\n\nFAIL #2: Element should have text 'I`m gonna be tested' {By.id: test_me}\nElement: '<p id=\"test_me\">I'm gonna be tested</p>'\nScreenshot: file:/builds/testopstraining/group4/super-site/tests/build/reports/tests/1638460841846.1.png\nPage source: file:/builds/testopstraining/group4/super-site/tests/build/reports/tests/1638460841846.1.html\nTimeout: 4 s.\n\nFAIL #3: Element not found {By.id: test_me}\nExpected: text 'I`m gonna be tested'\nScreenshot: file:/builds/testopstraining/group4/super-site/tests/build/reports/tests/1638460846580.2.png\nPage source: file:/builds/testopstraining/group4/super-site/tests/build/reports/tests/1638460846580.2.html\nTimeout: 4 s.\nCaused by: NoSuchElementException: no such element: Unable to locate element: {\"method\":\"css selector\",\"selector\":\"#test_me\"}\n\nFAIL #4: Element not found {By.id: test_me}\nExpected: text 'I`m gonna be tested'\nScreenshot: file:/builds/testopstraining/group4/super-site/tests/build/reports/tests/1638460851141.3.png\nPage source: file:/builds/testopstraining/group4/super-site/tests/build/reports/tests/1638460851141.3.html\nTimeout: 4 s.\nCaused by: NoSuchElementException: no such element: Unable to locate element: {\"method\":\"css selector\",\"selector\":\"#test_me\"}\n\nFAIL #5: Element not found {By.id: test_me}\nExpected: text 'I`m gonna be tested'\nScreenshot: file:/builds/testopstraining/group4/super-site/tests/build/reports/tests/1638460855892.4.png\nPage source: file:/builds/testopstraining/group4/super-site/tests/build/reports/tests/1638460855892.4.html\nTimeout: 4 s.\nCaused by: NoSuchElementException: no such element: Unable to locate element: {\"method\":\"css selector\",\"selector\":\"#test_me\"}\n\nFAIL #6: Element should have text 'I`m gonna be tested' {By.id: test_me}\nElement: '<p id=\"test_me\">I'm gonna be tested</p>'\nScreenshot: file:/builds/testopstraining/group4/super-site/tests/build/reports/tests/1638460860401.5.png\nPage source: file:/builds/testopstraining/group4/super-site/tests/build/reports/tests/1638460860401.5.html\nTimeout: 4 s.\n\nFAIL #7: Element not found {By.id: test_me}\nExpected: text 'I`m gonna be tested'\nScreenshot: file:/builds/testopstraining/group4/super-site/tests/build/reports/tests/1638460864943.6.png\nPage source: file:/builds/testopstraining/group4/super-site/tests/build/reports/tests/1638460864943.6.html\nTimeout: 4 s.\nCaused by: NoSuchElementException: no such element: Unable to locate element: {\"method\":\"css selector\",\"selector\":\"#test_me\"}\n\nFAIL #8: Element not found {By.id: test_me}\nExpected: text 'I`m gonna be tested'\nScreenshot: file:/builds/testopstraining/group4/super-site/tests/build/reports/tests/1638460869442.7.png\nPage source: file:/builds/testopstraining/group4/super-site/tests/build/reports/tests/1638460869442.7.html\nTimeout: 4 s.\nCaused by: NoSuchElementException: no such element: Unable to locate element: {\"method\":\"css selector\",\"selector\":\"#test_me\"}\n\nFAIL #9: Element not found {By.id: test_me}\nExpected: text 'I`m gonna be tested'\nScreenshot: file:/builds/testopstraining/group4/super-site/tests/build/reports/tests/1638460873912.8.png\nPage source: file:/builds/testopstraining/group4/super-site/tests/build/reports/tests/1638460873912.8.html\nTimeout: 4 s.\nCaused by: NoSuchElementException: no such element: Unable to locate element: {\"method\":\"css selector\",\"selector\":\"#test_me\"}\n\n\tat com.codeborne.selenide.logevents.ErrorsCollector.failIfErrors(ErrorsCollector.java:64)\n\tat com.codeborne.selenide.junit.SoftAsserts.after(SoftAsserts.java:40)\n\tat org.junit.rules.ExternalResource$1.evaluate(ExternalResource.java:59)\n\tat org.junit.runners.ParentRunner$3.evaluate(ParentRunner.java:306)\n\tat org.junit.runners.BlockJUnit4ClassRunner$1.evaluate(BlockJUnit4ClassRunner.java:100)\n\tat org.junit.runners.ParentRunner.runLeaf(ParentRunner.java:366)\n\tat org.junit.runners.BlockJUnit4ClassRunner.runChild(BlockJUnit4ClassRunner.java:103)\n\tat org.junit.runners.BlockJUnit4ClassRunner.runChild(BlockJUnit4ClassRunner.java:63)\n\tat org.junit.runners.ParentRunner$4.run(ParentRunner.java:331)\n\tat org.junit.runners.ParentRunner$1.schedule(ParentRunner.java:79)\n\tat org.junit.runners.ParentRunner.runChildren(ParentRunner.java:329)\n\tat org.junit.runners.ParentRunner.access$100(ParentRunner.java:66)\n\tat org.junit.runners.ParentRunner$2.evaluate(ParentRunner.java:293)\n\tat org.junit.internal.runners.statements.RunBefores.evaluate(RunBefores.java:26)\n\tat org.junit.runners.ParentRunner$3.evaluate(ParentRunner.java:306)\n\tat org.junit.runners.ParentRunner.run(ParentRunner.java:413)\n\tat org.apache.maven.surefire.junit4.JUnit4Provider.execute(JUnit4Provider.java:364)\n\tat org.apache.maven.surefire.junit4.JUnit4Provider.executeWithRerun(JUnit4Provider.java:272)\n\tat org.apache.maven.surefire.junit4.JUnit4Provider.executeTestSet(JUnit4Provider.java:237)\n\tat org.apache.maven.surefire.junit4.JUnit4Provider.invoke(JUnit4Provider.java:158)\n\tat org.apache.maven.surefire.booter.ForkedBooter.runSuitesInProcess(ForkedBooter.java:428)\n\tat org.apache.maven.surefire.booter.ForkedBooter.execute(ForkedBooter.java:162)\n\tat org.apache.maven.surefire.booter.ForkedBooter.run(ForkedBooter.java:562)\n\tat org.apache.maven.surefire.booter.ForkedBooter.main(ForkedBooter.java:548)\n",
    "steps" : [ {
      "name" : "$(\"open\") http://172.17.0.3",
      "time" : {
        "start" : 1638460817734,
        "stop" : 1638460822243,
        "duration" : 4509
      },
      "status" : "passed",
      "steps" : [ ],
      "attachments" : [ ],
      "parameters" : [ ],
      "stepsCount" : 0,
      "attachmentsCount" : 0,
      "shouldDisplayMessage" : false,
      "hasContent" : false
    }, {
      "name" : "checkTag",
      "time" : {
        "start" : 1638460832330,
        "stop" : 1638460837187,
        "duration" : 4857
      },
      "status" : "passed",
      "steps" : [ {
        "name" : "$(\"By.tagName: a[0]\") click()",
        "time" : {
          "start" : 1638460832376,
          "stop" : 1638460832642,
          "duration" : 266
        },
        "status" : "passed",
        "steps" : [ ],
        "attachments" : [ ],
        "parameters" : [ ],
        "stepsCount" : 0,
        "attachmentsCount" : 0,
        "shouldDisplayMessage" : false,
        "hasContent" : false
      }, {
        "name" : "$(\"By.id: test_me\") should have(text 'I`m gonna be tested')",
        "time" : {
          "start" : 1638460832643,
          "stop" : 1638460837178,
          "duration" : 4535
        },
        "status" : "failed",
        "statusMessage" : "Element should have text 'I`m gonna be tested' {By.id: test_me}\nElement: '<div id=\"test_me\">I'm gonna be tested</div>'\nScreenshot: file:/builds/testopstraining/group4/super-site/tests/build/reports/tests/1638460836784.0.png\nPage source: file:/builds/testopstraining/group4/super-site/tests/build/reports/tests/1638460836784.0.html\nTimeout: 4 s.",
        "statusTrace" : "Element should have text 'I`m gonna be tested' {By.id: test_me}\nElement: '<div id=\"test_me\">I'm gonna be tested</div>'\nScreenshot: file:/builds/testopstraining/group4/super-site/tests/build/reports/tests/1638460836784.0.png\nPage source: file:/builds/testopstraining/group4/super-site/tests/build/reports/tests/1638460836784.0.html\nTimeout: 4 s.\n\tat com.codeborne.selenide.impl.WebElementSource.checkCondition(WebElementSource.java:121)\n\tat com.codeborne.selenide.commands.Should.execute(Should.java:30)\n\tat com.codeborne.selenide.commands.Should.execute(Should.java:14)\n\tat com.codeborne.selenide.commands.Commands.execute(Commands.java:155)\n\tat com.codeborne.selenide.impl.SelenideElementProxy.dispatchAndRetry(SelenideElementProxy.java:133)\n\tat com.codeborne.selenide.impl.SelenideElementProxy.invoke(SelenideElementProxy.java:85)\n\tat com.sun.proxy.$Proxy12.shouldHave(Unknown Source)\n\tat de.telekom.supersite.SuperTest.checkTag(SuperTest.java:65)\n\tat de.telekom.supersite.SuperTest.userCanSearchAnyKeyword(SuperTest.java:56)\n\tat java.base/jdk.internal.reflect.NativeMethodAccessorImpl.invoke0(Native Method)\n\tat java.base/jdk.internal.reflect.NativeMethodAccessorImpl.invoke(NativeMethodAccessorImpl.java:62)\n\tat java.base/jdk.internal.reflect.DelegatingMethodAccessorImpl.invoke(DelegatingMethodAccessorImpl.java:43)\n\tat java.base/java.lang.reflect.Method.invoke(Method.java:566)\n\tat org.junit.runners.model.FrameworkMethod$1.runReflectiveCall(FrameworkMethod.java:59)\n\tat org.junit.internal.runners.model.ReflectiveCallable.run(ReflectiveCallable.java:12)\n\tat org.junit.runners.model.FrameworkMethod.invokeExplosively(FrameworkMethod.java:56)\n\tat org.junit.internal.runners.statements.InvokeMethod.evaluate(InvokeMethod.java:17)\n\tat org.junit.rules.ExternalResource$1.evaluate(ExternalResource.java:54)\n\tat org.junit.runners.ParentRunner$3.evaluate(ParentRunner.java:306)\n\tat org.junit.runners.BlockJUnit4ClassRunner$1.evaluate(BlockJUnit4ClassRunner.java:100)\n\tat org.junit.runners.ParentRunner.runLeaf(ParentRunner.java:366)\n\tat org.junit.runners.BlockJUnit4ClassRunner.runChild(BlockJUnit4ClassRunner.java:103)\n\tat org.junit.runners.BlockJUnit4ClassRunner.runChild(BlockJUnit4ClassRunner.java:63)\n\tat org.junit.runners.ParentRunner$4.run(ParentRunner.java:331)\n\tat org.junit.runners.ParentRunner$1.schedule(ParentRunner.java:79)\n\tat org.junit.runners.ParentRunner.runChildren(ParentRunner.java:329)\n\tat org.junit.runners.ParentRunner.access$100(ParentRunner.java:66)\n\tat org.junit.runners.ParentRunner$2.evaluate(ParentRunner.java:293)\n\tat org.junit.internal.runners.statements.RunBefores.evaluate(RunBefores.java:26)\n\tat org.junit.runners.ParentRunner$3.evaluate(ParentRunner.java:306)\n\tat org.junit.runners.ParentRunner.run(ParentRunner.java:413)\n\tat org.apache.maven.surefire.junit4.JUnit4Provider.execute(JUnit4Provider.java:364)\n\tat org.apache.maven.surefire.junit4.JUnit4Provider.executeWithRerun(JUnit4Provider.java:272)\n\tat org.apache.maven.surefire.junit4.JUnit4Provider.executeTestSet(JUnit4Provider.java:237)\n\tat org.apache.maven.surefire.junit4.JUnit4Provider.invoke(JUnit4Provider.java:158)\n\tat org.apache.maven.surefire.booter.ForkedBooter.runSuitesInProcess(ForkedBooter.java:428)\n\tat org.apache.maven.surefire.booter.ForkedBooter.execute(ForkedBooter.java:162)\n\tat org.apache.maven.surefire.booter.ForkedBooter.run(ForkedBooter.java:562)\n\tat org.apache.maven.surefire.booter.ForkedBooter.main(ForkedBooter.java:548)\n",
        "steps" : [ ],
        "attachments" : [ {
          "uid" : "18c20acc9694be5e",
          "name" : "Screenshot",
          "source" : "18c20acc9694be5e.png",
          "type" : "image/png",
          "size" : 54777
        }, {
          "uid" : "94691aa25685f7fc",
          "name" : "Page source",
          "source" : "94691aa25685f7fc.html",
          "type" : "text/html",
          "size" : 6988
        } ],
        "parameters" : [ ],
        "stepsCount" : 0,
        "attachmentsCount" : 2,
        "shouldDisplayMessage" : true,
        "hasContent" : true
      } ],
      "attachments" : [ ],
      "parameters" : [ {
        "name" : "i",
        "value" : "0"
      } ],
      "stepsCount" : 2,
      "attachmentsCount" : 2,
      "shouldDisplayMessage" : false,
      "hasContent" : true
    }, {
      "name" : "$(\"back\") ",
      "time" : {
        "start" : 1638460837187,
        "stop" : 1638460837220,
        "duration" : 33
      },
      "status" : "passed",
      "steps" : [ ],
      "attachments" : [ ],
      "parameters" : [ ],
      "stepsCount" : 0,
      "attachmentsCount" : 0,
      "shouldDisplayMessage" : false,
      "hasContent" : false
    }, {
      "name" : "checkTag",
      "time" : {
        "start" : 1638460837238,
        "stop" : 1638460837468,
        "duration" : 230
      },
      "status" : "passed",
      "steps" : [ {
        "name" : "$(\"By.tagName: a[1]\") click()",
        "time" : {
          "start" : 1638460837239,
          "stop" : 1638460837379,
          "duration" : 140
        },
        "status" : "passed",
        "steps" : [ ],
        "attachments" : [ ],
        "parameters" : [ ],
        "stepsCount" : 0,
        "attachmentsCount" : 0,
        "shouldDisplayMessage" : false,
        "hasContent" : false
      }, {
        "name" : "$(\"By.id: test_me\") should have(text 'I`m gonna be tested')",
        "time" : {
          "start" : 1638460837379,
          "stop" : 1638460837468,
          "duration" : 89
        },
        "status" : "passed",
        "steps" : [ ],
        "attachments" : [ ],
        "parameters" : [ ],
        "stepsCount" : 0,
        "attachmentsCount" : 0,
        "shouldDisplayMessage" : false,
        "hasContent" : false
      } ],
      "attachments" : [ ],
      "parameters" : [ {
        "name" : "i",
        "value" : "1"
      } ],
      "stepsCount" : 2,
      "attachmentsCount" : 0,
      "shouldDisplayMessage" : false,
      "hasContent" : true
    }, {
      "name" : "$(\"back\") ",
      "time" : {
        "start" : 1638460837468,
        "stop" : 1638460837518,
        "duration" : 50
      },
      "status" : "passed",
      "steps" : [ ],
      "attachments" : [ ],
      "parameters" : [ ],
      "stepsCount" : 0,
      "attachmentsCount" : 0,
      "shouldDisplayMessage" : false,
      "hasContent" : false
    }, {
      "name" : "checkTag",
      "time" : {
        "start" : 1638460837556,
        "stop" : 1638460842342,
        "duration" : 4786
      },
      "status" : "passed",
      "steps" : [ {
        "name" : "$(\"By.tagName: a[2]\") click()",
        "time" : {
          "start" : 1638460837556,
          "stop" : 1638460837673,
          "duration" : 117
        },
        "status" : "passed",
        "steps" : [ ],
        "attachments" : [ ],
        "parameters" : [ ],
        "stepsCount" : 0,
        "attachmentsCount" : 0,
        "shouldDisplayMessage" : false,
        "hasContent" : false
      }, {
        "name" : "$(\"By.id: test_me\") should have(text 'I`m gonna be tested')",
        "time" : {
          "start" : 1638460837673,
          "stop" : 1638460842342,
          "duration" : 4669
        },
        "status" : "failed",
        "statusMessage" : "Element should have text 'I`m gonna be tested' {By.id: test_me}\nElement: '<p id=\"test_me\">I'm gonna be tested</p>'\nScreenshot: file:/builds/testopstraining/group4/super-site/tests/build/reports/tests/1638460841846.1.png\nPage source: file:/builds/testopstraining/group4/super-site/tests/build/reports/tests/1638460841846.1.html\nTimeout: 4 s.",
        "statusTrace" : "Element should have text 'I`m gonna be tested' {By.id: test_me}\nElement: '<p id=\"test_me\">I'm gonna be tested</p>'\nScreenshot: file:/builds/testopstraining/group4/super-site/tests/build/reports/tests/1638460841846.1.png\nPage source: file:/builds/testopstraining/group4/super-site/tests/build/reports/tests/1638460841846.1.html\nTimeout: 4 s.\n\tat com.codeborne.selenide.impl.WebElementSource.checkCondition(WebElementSource.java:121)\n\tat com.codeborne.selenide.commands.Should.execute(Should.java:30)\n\tat com.codeborne.selenide.commands.Should.execute(Should.java:14)\n\tat com.codeborne.selenide.commands.Commands.execute(Commands.java:155)\n\tat com.codeborne.selenide.impl.SelenideElementProxy.dispatchAndRetry(SelenideElementProxy.java:133)\n\tat com.codeborne.selenide.impl.SelenideElementProxy.invoke(SelenideElementProxy.java:85)\n\tat com.sun.proxy.$Proxy12.shouldHave(Unknown Source)\n\tat de.telekom.supersite.SuperTest.checkTag(SuperTest.java:65)\n\tat de.telekom.supersite.SuperTest.userCanSearchAnyKeyword(SuperTest.java:56)\n\tat java.base/jdk.internal.reflect.NativeMethodAccessorImpl.invoke0(Native Method)\n\tat java.base/jdk.internal.reflect.NativeMethodAccessorImpl.invoke(NativeMethodAccessorImpl.java:62)\n\tat java.base/jdk.internal.reflect.DelegatingMethodAccessorImpl.invoke(DelegatingMethodAccessorImpl.java:43)\n\tat java.base/java.lang.reflect.Method.invoke(Method.java:566)\n\tat org.junit.runners.model.FrameworkMethod$1.runReflectiveCall(FrameworkMethod.java:59)\n\tat org.junit.internal.runners.model.ReflectiveCallable.run(ReflectiveCallable.java:12)\n\tat org.junit.runners.model.FrameworkMethod.invokeExplosively(FrameworkMethod.java:56)\n\tat org.junit.internal.runners.statements.InvokeMethod.evaluate(InvokeMethod.java:17)\n\tat org.junit.rules.ExternalResource$1.evaluate(ExternalResource.java:54)\n\tat org.junit.runners.ParentRunner$3.evaluate(ParentRunner.java:306)\n\tat org.junit.runners.BlockJUnit4ClassRunner$1.evaluate(BlockJUnit4ClassRunner.java:100)\n\tat org.junit.runners.ParentRunner.runLeaf(ParentRunner.java:366)\n\tat org.junit.runners.BlockJUnit4ClassRunner.runChild(BlockJUnit4ClassRunner.java:103)\n\tat org.junit.runners.BlockJUnit4ClassRunner.runChild(BlockJUnit4ClassRunner.java:63)\n\tat org.junit.runners.ParentRunner$4.run(ParentRunner.java:331)\n\tat org.junit.runners.ParentRunner$1.schedule(ParentRunner.java:79)\n\tat org.junit.runners.ParentRunner.runChildren(ParentRunner.java:329)\n\tat org.junit.runners.ParentRunner.access$100(ParentRunner.java:66)\n\tat org.junit.runners.ParentRunner$2.evaluate(ParentRunner.java:293)\n\tat org.junit.internal.runners.statements.RunBefores.evaluate(RunBefores.java:26)\n\tat org.junit.runners.ParentRunner$3.evaluate(ParentRunner.java:306)\n\tat org.junit.runners.ParentRunner.run(ParentRunner.java:413)\n\tat org.apache.maven.surefire.junit4.JUnit4Provider.execute(JUnit4Provider.java:364)\n\tat org.apache.maven.surefire.junit4.JUnit4Provider.executeWithRerun(JUnit4Provider.java:272)\n\tat org.apache.maven.surefire.junit4.JUnit4Provider.executeTestSet(JUnit4Provider.java:237)\n\tat org.apache.maven.surefire.junit4.JUnit4Provider.invoke(JUnit4Provider.java:158)\n\tat org.apache.maven.surefire.booter.ForkedBooter.runSuitesInProcess(ForkedBooter.java:428)\n\tat org.apache.maven.surefire.booter.ForkedBooter.execute(ForkedBooter.java:162)\n\tat org.apache.maven.surefire.booter.ForkedBooter.run(ForkedBooter.java:562)\n\tat org.apache.maven.surefire.booter.ForkedBooter.main(ForkedBooter.java:548)\n",
        "steps" : [ ],
        "attachments" : [ {
          "uid" : "23360c48f0cc078c",
          "name" : "Screenshot",
          "source" : "23360c48f0cc078c.png",
          "type" : "image/png",
          "size" : 217537
        }, {
          "uid" : "e97967f90570bf75",
          "name" : "Page source",
          "source" : "e97967f90570bf75.html",
          "type" : "text/html",
          "size" : 2412
        } ],
        "parameters" : [ ],
        "stepsCount" : 0,
        "attachmentsCount" : 2,
        "shouldDisplayMessage" : true,
        "hasContent" : true
      } ],
      "attachments" : [ ],
      "parameters" : [ {
        "name" : "i",
        "value" : "2"
      } ],
      "stepsCount" : 2,
      "attachmentsCount" : 2,
      "shouldDisplayMessage" : false,
      "hasContent" : true
    }, {
      "name" : "$(\"back\") ",
      "time" : {
        "start" : 1638460842342,
        "stop" : 1638460842381,
        "duration" : 39
      },
      "status" : "passed",
      "steps" : [ ],
      "attachments" : [ ],
      "parameters" : [ ],
      "stepsCount" : 0,
      "attachmentsCount" : 0,
      "shouldDisplayMessage" : false,
      "hasContent" : false
    }, {
      "name" : "checkTag",
      "time" : {
        "start" : 1638460842400,
        "stop" : 1638460846919,
        "duration" : 4519
      },
      "status" : "passed",
      "steps" : [ {
        "name" : "$(\"By.tagName: a[3]\") click()",
        "time" : {
          "start" : 1638460842400,
          "stop" : 1638460842503,
          "duration" : 103
        },
        "status" : "passed",
        "steps" : [ ],
        "attachments" : [ ],
        "parameters" : [ ],
        "stepsCount" : 0,
        "attachmentsCount" : 0,
        "shouldDisplayMessage" : false,
        "hasContent" : false
      }, {
        "name" : "$(\"By.id: test_me\") should have(text 'I`m gonna be tested')",
        "time" : {
          "start" : 1638460842503,
          "stop" : 1638460846919,
          "duration" : 4416
        },
        "status" : "failed",
        "statusMessage" : "Element not found {By.id: test_me}\nExpected: text 'I`m gonna be tested'\nScreenshot: file:/builds/testopstraining/group4/super-site/tests/build/reports/tests/1638460846580.2.png\nPage source: file:/builds/testopstraining/group4/super-site/tests/build/reports/tests/1638460846580.2.html\nTimeout: 4 s.\nCaused by: NoSuchElementException: no such element: Unable to locate element: {\"method\":\"css selector\",\"selector\":\"#test_me\"}",
        "statusTrace" : "Element not found {By.id: test_me}\nExpected: text 'I`m gonna be tested'\nScreenshot: file:/builds/testopstraining/group4/super-site/tests/build/reports/tests/1638460846580.2.png\nPage source: file:/builds/testopstraining/group4/super-site/tests/build/reports/tests/1638460846580.2.html\nTimeout: 4 s.\nCaused by: NoSuchElementException: no such element: Unable to locate element: {\"method\":\"css selector\",\"selector\":\"#test_me\"}\n\tat com.codeborne.selenide.impl.WebElementSource.createElementNotFoundError(WebElementSource.java:83)\n\tat com.codeborne.selenide.impl.ElementFinder.createElementNotFoundError(ElementFinder.java:122)\n\tat com.codeborne.selenide.impl.WebElementSource.checkCondition(WebElementSource.java:114)\n\tat com.codeborne.selenide.commands.Should.execute(Should.java:30)\n\tat com.codeborne.selenide.commands.Should.execute(Should.java:14)\n\tat com.codeborne.selenide.commands.Commands.execute(Commands.java:155)\n\tat com.codeborne.selenide.impl.SelenideElementProxy.dispatchAndRetry(SelenideElementProxy.java:133)\n\tat com.codeborne.selenide.impl.SelenideElementProxy.invoke(SelenideElementProxy.java:85)\n\tat com.sun.proxy.$Proxy12.shouldHave(Unknown Source)\n\tat de.telekom.supersite.SuperTest.checkTag(SuperTest.java:65)\n\tat de.telekom.supersite.SuperTest.userCanSearchAnyKeyword(SuperTest.java:56)\n\tat java.base/jdk.internal.reflect.NativeMethodAccessorImpl.invoke0(Native Method)\n\tat java.base/jdk.internal.reflect.NativeMethodAccessorImpl.invoke(NativeMethodAccessorImpl.java:62)\n\tat java.base/jdk.internal.reflect.DelegatingMethodAccessorImpl.invoke(DelegatingMethodAccessorImpl.java:43)\n\tat java.base/java.lang.reflect.Method.invoke(Method.java:566)\n\tat org.junit.runners.model.FrameworkMethod$1.runReflectiveCall(FrameworkMethod.java:59)\n\tat org.junit.internal.runners.model.ReflectiveCallable.run(ReflectiveCallable.java:12)\n\tat org.junit.runners.model.FrameworkMethod.invokeExplosively(FrameworkMethod.java:56)\n\tat org.junit.internal.runners.statements.InvokeMethod.evaluate(InvokeMethod.java:17)\n\tat org.junit.rules.ExternalResource$1.evaluate(ExternalResource.java:54)\n\tat org.junit.runners.ParentRunner$3.evaluate(ParentRunner.java:306)\n\tat org.junit.runners.BlockJUnit4ClassRunner$1.evaluate(BlockJUnit4ClassRunner.java:100)\n\tat org.junit.runners.ParentRunner.runLeaf(ParentRunner.java:366)\n\tat org.junit.runners.BlockJUnit4ClassRunner.runChild(BlockJUnit4ClassRunner.java:103)\n\tat org.junit.runners.BlockJUnit4ClassRunner.runChild(BlockJUnit4ClassRunner.java:63)\n\tat org.junit.runners.ParentRunner$4.run(ParentRunner.java:331)\n\tat org.junit.runners.ParentRunner$1.schedule(ParentRunner.java:79)\n\tat org.junit.runners.ParentRunner.runChildren(ParentRunner.java:329)\n\tat org.junit.runners.ParentRunner.access$100(ParentRunner.java:66)\n\tat org.junit.runners.ParentRunner$2.evaluate(ParentRunner.java:293)\n\tat org.junit.internal.runners.statements.RunBefores.evaluate(RunBefores.java:26)\n\tat org.junit.runners.ParentRunner$3.evaluate(ParentRunner.java:306)\n\tat org.junit.runners.ParentRunner.run(ParentRunner.java:413)\n\tat org.apache.maven.surefire.junit4.JUnit4Provider.execute(JUnit4Provider.java:364)\n\tat org.apache.maven.surefire.junit4.JUnit4Provider.executeWithRerun(JUnit4Provider.java:272)\n\tat org.apache.maven.surefire.junit4.JUnit4Provider.executeTestSet(JUnit4Provider.java:237)\n\tat org.apache.maven.surefire.junit4.JUnit4Provider.invoke(JUnit4Provider.java:158)\n\tat org.apache.maven.surefire.booter.ForkedBooter.runSuitesInProcess(ForkedBooter.java:428)\n\tat org.apache.maven.surefire.booter.ForkedBooter.execute(ForkedBooter.java:162)\n\tat org.apache.maven.surefire.booter.ForkedBooter.run(ForkedBooter.java:562)\n\tat org.apache.maven.surefire.booter.ForkedBooter.main(ForkedBooter.java:548)\nCaused by: org.openqa.selenium.NoSuchElementException: no such element: Unable to locate element: {\"method\":\"css selector\",\"selector\":\"#test_me\"}\n  (Session info: chrome=91.0.4472.114)\nFor documentation on this error, please visit: https://www.seleniumhq.org/exceptions/no_such_element.html\nBuild info: version: '3.141.59', revision: 'e82be7d358', time: '2018-11-14T08:17:03'\nSystem info: host: 'runner-h34vzcc-project-61258-concurrent-0', ip: '172.17.0.4', os.name: 'Linux', os.arch: 'amd64', os.version: '4.15.0-153-generic', java.version: '11.0.4'\nDriver info: org.openqa.selenium.remote.RemoteWebDriver\nCapabilities {acceptInsecureCerts: true, browserName: chrome, browserVersion: 91.0.4472.114, chrome: {chromedriverVersion: 91.0.4472.101 (af52a90bf870..., userDataDir: /tmp/.com.google.Chrome.tSsbN7}, goog:chromeOptions: {debuggerAddress: localhost:46601}, javascriptEnabled: true, networkConnectionEnabled: false, pageLoadStrategy: normal, platform: LINUX, platformName: LINUX, proxy: Proxy(), se:cdp: ws://172.17.0.2:4444/sessio..., se:cdpVersion: 91.0.4472.114, se:vnc: ws://172.17.0.2:4444/sessio..., se:vncEnabled: true, se:vncLocalAddress: ws://localhost:7900/websockify, setWindowRect: true, strictFileInteractability: false, timeouts: {implicit: 0, pageLoad: 300000, script: 30000}, unhandledPromptBehavior: dismiss and notify, webauthn:extension:largeBlob: true, webauthn:virtualAuthenticators: true}\nSession ID: 523b9d30cdc2c1e518896ca797d5fbc3\n*** Element info: {Using=id, value=test_me}\n\tat jdk.internal.reflect.GeneratedConstructorAccessor10.newInstance(Unknown Source)\n\tat java.base/jdk.internal.reflect.DelegatingConstructorAccessorImpl.newInstance(DelegatingConstructorAccessorImpl.java:45)\n\tat java.base/java.lang.reflect.Constructor.newInstance(Constructor.java:490)\n\tat org.openqa.selenium.remote.http.W3CHttpResponseCodec.createException(W3CHttpResponseCodec.java:187)\n\tat org.openqa.selenium.remote.http.W3CHttpResponseCodec.decode(W3CHttpResponseCodec.java:122)\n\tat org.openqa.selenium.remote.http.W3CHttpResponseCodec.decode(W3CHttpResponseCodec.java:49)\n\tat org.openqa.selenium.remote.HttpCommandExecutor.execute(HttpCommandExecutor.java:158)\n\tat org.openqa.selenium.remote.RemoteWebDriver.execute(RemoteWebDriver.java:552)\n\tat org.openqa.selenium.remote.RemoteWebDriver.findElement(RemoteWebDriver.java:323)\n\tat org.openqa.selenium.remote.RemoteWebDriver.findElementById(RemoteWebDriver.java:372)\n\tat org.openqa.selenium.By$ById.findElement(By.java:188)\n\tat org.openqa.selenium.remote.RemoteWebDriver.findElement(RemoteWebDriver.java:315)\n\tat com.codeborne.selenide.impl.WebElementSelector.findElement(WebElementSelector.java:70)\n\tat com.codeborne.selenide.impl.WebElementSelector.findElement(WebElementSelector.java:44)\n\tat com.codeborne.selenide.impl.WebElementSelector.findElement(WebElementSelector.java:33)\n\tat com.codeborne.selenide.impl.ElementFinder.getWebElement(ElementFinder.java:102)\n\tat com.codeborne.selenide.impl.WebElementSource.checkCondition(WebElementSource.java:99)\n\t... 38 more\n",
        "steps" : [ ],
        "attachments" : [ {
          "uid" : "21e16ec297d1bf82",
          "name" : "Screenshot",
          "source" : "21e16ec297d1bf82.png",
          "type" : "image/png",
          "size" : 20322
        }, {
          "uid" : "3f3008bfc0ae5c0f",
          "name" : "Page source",
          "source" : "3f3008bfc0ae5c0f.html",
          "type" : "text/html",
          "size" : 31335
        } ],
        "parameters" : [ ],
        "stepsCount" : 0,
        "attachmentsCount" : 2,
        "shouldDisplayMessage" : true,
        "hasContent" : true
      } ],
      "attachments" : [ ],
      "parameters" : [ {
        "name" : "i",
        "value" : "3"
      } ],
      "stepsCount" : 2,
      "attachmentsCount" : 2,
      "shouldDisplayMessage" : false,
      "hasContent" : true
    }, {
      "name" : "$(\"back\") ",
      "time" : {
        "start" : 1638460846919,
        "stop" : 1638460846962,
        "duration" : 43
      },
      "status" : "passed",
      "steps" : [ ],
      "attachments" : [ ],
      "parameters" : [ ],
      "stepsCount" : 0,
      "attachmentsCount" : 0,
      "shouldDisplayMessage" : false,
      "hasContent" : false
    }, {
      "name" : "checkTag",
      "time" : {
        "start" : 1638460846984,
        "stop" : 1638460851479,
        "duration" : 4495
      },
      "status" : "passed",
      "steps" : [ {
        "name" : "$(\"By.tagName: a[4]\") click()",
        "time" : {
          "start" : 1638460846984,
          "stop" : 1638460847092,
          "duration" : 108
        },
        "status" : "passed",
        "steps" : [ ],
        "attachments" : [ ],
        "parameters" : [ ],
        "stepsCount" : 0,
        "attachmentsCount" : 0,
        "shouldDisplayMessage" : false,
        "hasContent" : false
      }, {
        "name" : "$(\"By.id: test_me\") should have(text 'I`m gonna be tested')",
        "time" : {
          "start" : 1638460847093,
          "stop" : 1638460851479,
          "duration" : 4386
        },
        "status" : "failed",
        "statusMessage" : "Element not found {By.id: test_me}\nExpected: text 'I`m gonna be tested'\nScreenshot: file:/builds/testopstraining/group4/super-site/tests/build/reports/tests/1638460851141.3.png\nPage source: file:/builds/testopstraining/group4/super-site/tests/build/reports/tests/1638460851141.3.html\nTimeout: 4 s.\nCaused by: NoSuchElementException: no such element: Unable to locate element: {\"method\":\"css selector\",\"selector\":\"#test_me\"}",
        "statusTrace" : "Element not found {By.id: test_me}\nExpected: text 'I`m gonna be tested'\nScreenshot: file:/builds/testopstraining/group4/super-site/tests/build/reports/tests/1638460851141.3.png\nPage source: file:/builds/testopstraining/group4/super-site/tests/build/reports/tests/1638460851141.3.html\nTimeout: 4 s.\nCaused by: NoSuchElementException: no such element: Unable to locate element: {\"method\":\"css selector\",\"selector\":\"#test_me\"}\n\tat com.codeborne.selenide.impl.WebElementSource.createElementNotFoundError(WebElementSource.java:83)\n\tat com.codeborne.selenide.impl.ElementFinder.createElementNotFoundError(ElementFinder.java:122)\n\tat com.codeborne.selenide.impl.WebElementSource.checkCondition(WebElementSource.java:114)\n\tat com.codeborne.selenide.commands.Should.execute(Should.java:30)\n\tat com.codeborne.selenide.commands.Should.execute(Should.java:14)\n\tat com.codeborne.selenide.commands.Commands.execute(Commands.java:155)\n\tat com.codeborne.selenide.impl.SelenideElementProxy.dispatchAndRetry(SelenideElementProxy.java:133)\n\tat com.codeborne.selenide.impl.SelenideElementProxy.invoke(SelenideElementProxy.java:85)\n\tat com.sun.proxy.$Proxy12.shouldHave(Unknown Source)\n\tat de.telekom.supersite.SuperTest.checkTag(SuperTest.java:65)\n\tat de.telekom.supersite.SuperTest.userCanSearchAnyKeyword(SuperTest.java:56)\n\tat java.base/jdk.internal.reflect.NativeMethodAccessorImpl.invoke0(Native Method)\n\tat java.base/jdk.internal.reflect.NativeMethodAccessorImpl.invoke(NativeMethodAccessorImpl.java:62)\n\tat java.base/jdk.internal.reflect.DelegatingMethodAccessorImpl.invoke(DelegatingMethodAccessorImpl.java:43)\n\tat java.base/java.lang.reflect.Method.invoke(Method.java:566)\n\tat org.junit.runners.model.FrameworkMethod$1.runReflectiveCall(FrameworkMethod.java:59)\n\tat org.junit.internal.runners.model.ReflectiveCallable.run(ReflectiveCallable.java:12)\n\tat org.junit.runners.model.FrameworkMethod.invokeExplosively(FrameworkMethod.java:56)\n\tat org.junit.internal.runners.statements.InvokeMethod.evaluate(InvokeMethod.java:17)\n\tat org.junit.rules.ExternalResource$1.evaluate(ExternalResource.java:54)\n\tat org.junit.runners.ParentRunner$3.evaluate(ParentRunner.java:306)\n\tat org.junit.runners.BlockJUnit4ClassRunner$1.evaluate(BlockJUnit4ClassRunner.java:100)\n\tat org.junit.runners.ParentRunner.runLeaf(ParentRunner.java:366)\n\tat org.junit.runners.BlockJUnit4ClassRunner.runChild(BlockJUnit4ClassRunner.java:103)\n\tat org.junit.runners.BlockJUnit4ClassRunner.runChild(BlockJUnit4ClassRunner.java:63)\n\tat org.junit.runners.ParentRunner$4.run(ParentRunner.java:331)\n\tat org.junit.runners.ParentRunner$1.schedule(ParentRunner.java:79)\n\tat org.junit.runners.ParentRunner.runChildren(ParentRunner.java:329)\n\tat org.junit.runners.ParentRunner.access$100(ParentRunner.java:66)\n\tat org.junit.runners.ParentRunner$2.evaluate(ParentRunner.java:293)\n\tat org.junit.internal.runners.statements.RunBefores.evaluate(RunBefores.java:26)\n\tat org.junit.runners.ParentRunner$3.evaluate(ParentRunner.java:306)\n\tat org.junit.runners.ParentRunner.run(ParentRunner.java:413)\n\tat org.apache.maven.surefire.junit4.JUnit4Provider.execute(JUnit4Provider.java:364)\n\tat org.apache.maven.surefire.junit4.JUnit4Provider.executeWithRerun(JUnit4Provider.java:272)\n\tat org.apache.maven.surefire.junit4.JUnit4Provider.executeTestSet(JUnit4Provider.java:237)\n\tat org.apache.maven.surefire.junit4.JUnit4Provider.invoke(JUnit4Provider.java:158)\n\tat org.apache.maven.surefire.booter.ForkedBooter.runSuitesInProcess(ForkedBooter.java:428)\n\tat org.apache.maven.surefire.booter.ForkedBooter.execute(ForkedBooter.java:162)\n\tat org.apache.maven.surefire.booter.ForkedBooter.run(ForkedBooter.java:562)\n\tat org.apache.maven.surefire.booter.ForkedBooter.main(ForkedBooter.java:548)\nCaused by: org.openqa.selenium.NoSuchElementException: no such element: Unable to locate element: {\"method\":\"css selector\",\"selector\":\"#test_me\"}\n  (Session info: chrome=91.0.4472.114)\nFor documentation on this error, please visit: https://www.seleniumhq.org/exceptions/no_such_element.html\nBuild info: version: '3.141.59', revision: 'e82be7d358', time: '2018-11-14T08:17:03'\nSystem info: host: 'runner-h34vzcc-project-61258-concurrent-0', ip: '172.17.0.4', os.name: 'Linux', os.arch: 'amd64', os.version: '4.15.0-153-generic', java.version: '11.0.4'\nDriver info: org.openqa.selenium.remote.RemoteWebDriver\nCapabilities {acceptInsecureCerts: true, browserName: chrome, browserVersion: 91.0.4472.114, chrome: {chromedriverVersion: 91.0.4472.101 (af52a90bf870..., userDataDir: /tmp/.com.google.Chrome.tSsbN7}, goog:chromeOptions: {debuggerAddress: localhost:46601}, javascriptEnabled: true, networkConnectionEnabled: false, pageLoadStrategy: normal, platform: LINUX, platformName: LINUX, proxy: Proxy(), se:cdp: ws://172.17.0.2:4444/sessio..., se:cdpVersion: 91.0.4472.114, se:vnc: ws://172.17.0.2:4444/sessio..., se:vncEnabled: true, se:vncLocalAddress: ws://localhost:7900/websockify, setWindowRect: true, strictFileInteractability: false, timeouts: {implicit: 0, pageLoad: 300000, script: 30000}, unhandledPromptBehavior: dismiss and notify, webauthn:extension:largeBlob: true, webauthn:virtualAuthenticators: true}\nSession ID: 523b9d30cdc2c1e518896ca797d5fbc3\n*** Element info: {Using=id, value=test_me}\n\tat jdk.internal.reflect.GeneratedConstructorAccessor10.newInstance(Unknown Source)\n\tat java.base/jdk.internal.reflect.DelegatingConstructorAccessorImpl.newInstance(DelegatingConstructorAccessorImpl.java:45)\n\tat java.base/java.lang.reflect.Constructor.newInstance(Constructor.java:490)\n\tat org.openqa.selenium.remote.http.W3CHttpResponseCodec.createException(W3CHttpResponseCodec.java:187)\n\tat org.openqa.selenium.remote.http.W3CHttpResponseCodec.decode(W3CHttpResponseCodec.java:122)\n\tat org.openqa.selenium.remote.http.W3CHttpResponseCodec.decode(W3CHttpResponseCodec.java:49)\n\tat org.openqa.selenium.remote.HttpCommandExecutor.execute(HttpCommandExecutor.java:158)\n\tat org.openqa.selenium.remote.RemoteWebDriver.execute(RemoteWebDriver.java:552)\n\tat org.openqa.selenium.remote.RemoteWebDriver.findElement(RemoteWebDriver.java:323)\n\tat org.openqa.selenium.remote.RemoteWebDriver.findElementById(RemoteWebDriver.java:372)\n\tat org.openqa.selenium.By$ById.findElement(By.java:188)\n\tat org.openqa.selenium.remote.RemoteWebDriver.findElement(RemoteWebDriver.java:315)\n\tat com.codeborne.selenide.impl.WebElementSelector.findElement(WebElementSelector.java:70)\n\tat com.codeborne.selenide.impl.WebElementSelector.findElement(WebElementSelector.java:44)\n\tat com.codeborne.selenide.impl.WebElementSelector.findElement(WebElementSelector.java:33)\n\tat com.codeborne.selenide.impl.ElementFinder.getWebElement(ElementFinder.java:102)\n\tat com.codeborne.selenide.impl.WebElementSource.checkCondition(WebElementSource.java:99)\n\t... 38 more\n",
        "steps" : [ ],
        "attachments" : [ {
          "uid" : "b17324641d0323c",
          "name" : "Screenshot",
          "source" : "b17324641d0323c.png",
          "type" : "image/png",
          "size" : 56722
        }, {
          "uid" : "acda17dbf9d58659",
          "name" : "Page source",
          "source" : "acda17dbf9d58659.html",
          "type" : "text/html",
          "size" : 2447
        } ],
        "parameters" : [ ],
        "stepsCount" : 0,
        "attachmentsCount" : 2,
        "shouldDisplayMessage" : true,
        "hasContent" : true
      } ],
      "attachments" : [ ],
      "parameters" : [ {
        "name" : "i",
        "value" : "4"
      } ],
      "stepsCount" : 2,
      "attachmentsCount" : 2,
      "shouldDisplayMessage" : false,
      "hasContent" : true
    }, {
      "name" : "$(\"back\") ",
      "time" : {
        "start" : 1638460851479,
        "stop" : 1638460851515,
        "duration" : 36
      },
      "status" : "passed",
      "steps" : [ ],
      "attachments" : [ ],
      "parameters" : [ ],
      "stepsCount" : 0,
      "attachmentsCount" : 0,
      "shouldDisplayMessage" : false,
      "hasContent" : false
    }, {
      "name" : "checkTag",
      "time" : {
        "start" : 1638460851527,
        "stop" : 1638460851691,
        "duration" : 164
      },
      "status" : "passed",
      "steps" : [ {
        "name" : "$(\"By.tagName: a[5]\") click()",
        "time" : {
          "start" : 1638460851527,
          "stop" : 1638460851621,
          "duration" : 94
        },
        "status" : "passed",
        "steps" : [ ],
        "attachments" : [ ],
        "parameters" : [ ],
        "stepsCount" : 0,
        "attachmentsCount" : 0,
        "shouldDisplayMessage" : false,
        "hasContent" : false
      }, {
        "name" : "$(\"By.id: test_me\") should have(text 'I`m gonna be tested')",
        "time" : {
          "start" : 1638460851621,
          "stop" : 1638460851691,
          "duration" : 70
        },
        "status" : "passed",
        "steps" : [ ],
        "attachments" : [ ],
        "parameters" : [ ],
        "stepsCount" : 0,
        "attachmentsCount" : 0,
        "shouldDisplayMessage" : false,
        "hasContent" : false
      } ],
      "attachments" : [ ],
      "parameters" : [ {
        "name" : "i",
        "value" : "5"
      } ],
      "stepsCount" : 2,
      "attachmentsCount" : 0,
      "shouldDisplayMessage" : false,
      "hasContent" : true
    }, {
      "name" : "$(\"back\") ",
      "time" : {
        "start" : 1638460851691,
        "stop" : 1638460851729,
        "duration" : 38
      },
      "status" : "passed",
      "steps" : [ ],
      "attachments" : [ ],
      "parameters" : [ ],
      "stepsCount" : 0,
      "attachmentsCount" : 0,
      "shouldDisplayMessage" : false,
      "hasContent" : false
    }, {
      "name" : "checkTag",
      "time" : {
        "start" : 1638460851745,
        "stop" : 1638460856188,
        "duration" : 4443
      },
      "status" : "passed",
      "steps" : [ {
        "name" : "$(\"By.tagName: a[6]\") click()",
        "time" : {
          "start" : 1638460851745,
          "stop" : 1638460851838,
          "duration" : 93
        },
        "status" : "passed",
        "steps" : [ ],
        "attachments" : [ ],
        "parameters" : [ ],
        "stepsCount" : 0,
        "attachmentsCount" : 0,
        "shouldDisplayMessage" : false,
        "hasContent" : false
      }, {
        "name" : "$(\"By.id: test_me\") should have(text 'I`m gonna be tested')",
        "time" : {
          "start" : 1638460851839,
          "stop" : 1638460856188,
          "duration" : 4349
        },
        "status" : "failed",
        "statusMessage" : "Element not found {By.id: test_me}\nExpected: text 'I`m gonna be tested'\nScreenshot: file:/builds/testopstraining/group4/super-site/tests/build/reports/tests/1638460855892.4.png\nPage source: file:/builds/testopstraining/group4/super-site/tests/build/reports/tests/1638460855892.4.html\nTimeout: 4 s.\nCaused by: NoSuchElementException: no such element: Unable to locate element: {\"method\":\"css selector\",\"selector\":\"#test_me\"}",
        "statusTrace" : "Element not found {By.id: test_me}\nExpected: text 'I`m gonna be tested'\nScreenshot: file:/builds/testopstraining/group4/super-site/tests/build/reports/tests/1638460855892.4.png\nPage source: file:/builds/testopstraining/group4/super-site/tests/build/reports/tests/1638460855892.4.html\nTimeout: 4 s.\nCaused by: NoSuchElementException: no such element: Unable to locate element: {\"method\":\"css selector\",\"selector\":\"#test_me\"}\n\tat com.codeborne.selenide.impl.WebElementSource.createElementNotFoundError(WebElementSource.java:83)\n\tat com.codeborne.selenide.impl.ElementFinder.createElementNotFoundError(ElementFinder.java:122)\n\tat com.codeborne.selenide.impl.WebElementSource.checkCondition(WebElementSource.java:114)\n\tat com.codeborne.selenide.commands.Should.execute(Should.java:30)\n\tat com.codeborne.selenide.commands.Should.execute(Should.java:14)\n\tat com.codeborne.selenide.commands.Commands.execute(Commands.java:155)\n\tat com.codeborne.selenide.impl.SelenideElementProxy.dispatchAndRetry(SelenideElementProxy.java:133)\n\tat com.codeborne.selenide.impl.SelenideElementProxy.invoke(SelenideElementProxy.java:85)\n\tat com.sun.proxy.$Proxy12.shouldHave(Unknown Source)\n\tat de.telekom.supersite.SuperTest.checkTag(SuperTest.java:65)\n\tat de.telekom.supersite.SuperTest.userCanSearchAnyKeyword(SuperTest.java:56)\n\tat java.base/jdk.internal.reflect.NativeMethodAccessorImpl.invoke0(Native Method)\n\tat java.base/jdk.internal.reflect.NativeMethodAccessorImpl.invoke(NativeMethodAccessorImpl.java:62)\n\tat java.base/jdk.internal.reflect.DelegatingMethodAccessorImpl.invoke(DelegatingMethodAccessorImpl.java:43)\n\tat java.base/java.lang.reflect.Method.invoke(Method.java:566)\n\tat org.junit.runners.model.FrameworkMethod$1.runReflectiveCall(FrameworkMethod.java:59)\n\tat org.junit.internal.runners.model.ReflectiveCallable.run(ReflectiveCallable.java:12)\n\tat org.junit.runners.model.FrameworkMethod.invokeExplosively(FrameworkMethod.java:56)\n\tat org.junit.internal.runners.statements.InvokeMethod.evaluate(InvokeMethod.java:17)\n\tat org.junit.rules.ExternalResource$1.evaluate(ExternalResource.java:54)\n\tat org.junit.runners.ParentRunner$3.evaluate(ParentRunner.java:306)\n\tat org.junit.runners.BlockJUnit4ClassRunner$1.evaluate(BlockJUnit4ClassRunner.java:100)\n\tat org.junit.runners.ParentRunner.runLeaf(ParentRunner.java:366)\n\tat org.junit.runners.BlockJUnit4ClassRunner.runChild(BlockJUnit4ClassRunner.java:103)\n\tat org.junit.runners.BlockJUnit4ClassRunner.runChild(BlockJUnit4ClassRunner.java:63)\n\tat org.junit.runners.ParentRunner$4.run(ParentRunner.java:331)\n\tat org.junit.runners.ParentRunner$1.schedule(ParentRunner.java:79)\n\tat org.junit.runners.ParentRunner.runChildren(ParentRunner.java:329)\n\tat org.junit.runners.ParentRunner.access$100(ParentRunner.java:66)\n\tat org.junit.runners.ParentRunner$2.evaluate(ParentRunner.java:293)\n\tat org.junit.internal.runners.statements.RunBefores.evaluate(RunBefores.java:26)\n\tat org.junit.runners.ParentRunner$3.evaluate(ParentRunner.java:306)\n\tat org.junit.runners.ParentRunner.run(ParentRunner.java:413)\n\tat org.apache.maven.surefire.junit4.JUnit4Provider.execute(JUnit4Provider.java:364)\n\tat org.apache.maven.surefire.junit4.JUnit4Provider.executeWithRerun(JUnit4Provider.java:272)\n\tat org.apache.maven.surefire.junit4.JUnit4Provider.executeTestSet(JUnit4Provider.java:237)\n\tat org.apache.maven.surefire.junit4.JUnit4Provider.invoke(JUnit4Provider.java:158)\n\tat org.apache.maven.surefire.booter.ForkedBooter.runSuitesInProcess(ForkedBooter.java:428)\n\tat org.apache.maven.surefire.booter.ForkedBooter.execute(ForkedBooter.java:162)\n\tat org.apache.maven.surefire.booter.ForkedBooter.run(ForkedBooter.java:562)\n\tat org.apache.maven.surefire.booter.ForkedBooter.main(ForkedBooter.java:548)\nCaused by: org.openqa.selenium.NoSuchElementException: no such element: Unable to locate element: {\"method\":\"css selector\",\"selector\":\"#test_me\"}\n  (Session info: chrome=91.0.4472.114)\nFor documentation on this error, please visit: https://www.seleniumhq.org/exceptions/no_such_element.html\nBuild info: version: '3.141.59', revision: 'e82be7d358', time: '2018-11-14T08:17:03'\nSystem info: host: 'runner-h34vzcc-project-61258-concurrent-0', ip: '172.17.0.4', os.name: 'Linux', os.arch: 'amd64', os.version: '4.15.0-153-generic', java.version: '11.0.4'\nDriver info: org.openqa.selenium.remote.RemoteWebDriver\nCapabilities {acceptInsecureCerts: true, browserName: chrome, browserVersion: 91.0.4472.114, chrome: {chromedriverVersion: 91.0.4472.101 (af52a90bf870..., userDataDir: /tmp/.com.google.Chrome.tSsbN7}, goog:chromeOptions: {debuggerAddress: localhost:46601}, javascriptEnabled: true, networkConnectionEnabled: false, pageLoadStrategy: normal, platform: LINUX, platformName: LINUX, proxy: Proxy(), se:cdp: ws://172.17.0.2:4444/sessio..., se:cdpVersion: 91.0.4472.114, se:vnc: ws://172.17.0.2:4444/sessio..., se:vncEnabled: true, se:vncLocalAddress: ws://localhost:7900/websockify, setWindowRect: true, strictFileInteractability: false, timeouts: {implicit: 0, pageLoad: 300000, script: 30000}, unhandledPromptBehavior: dismiss and notify, webauthn:extension:largeBlob: true, webauthn:virtualAuthenticators: true}\nSession ID: 523b9d30cdc2c1e518896ca797d5fbc3\n*** Element info: {Using=id, value=test_me}\n\tat jdk.internal.reflect.GeneratedConstructorAccessor10.newInstance(Unknown Source)\n\tat java.base/jdk.internal.reflect.DelegatingConstructorAccessorImpl.newInstance(DelegatingConstructorAccessorImpl.java:45)\n\tat java.base/java.lang.reflect.Constructor.newInstance(Constructor.java:490)\n\tat org.openqa.selenium.remote.http.W3CHttpResponseCodec.createException(W3CHttpResponseCodec.java:187)\n\tat org.openqa.selenium.remote.http.W3CHttpResponseCodec.decode(W3CHttpResponseCodec.java:122)\n\tat org.openqa.selenium.remote.http.W3CHttpResponseCodec.decode(W3CHttpResponseCodec.java:49)\n\tat org.openqa.selenium.remote.HttpCommandExecutor.execute(HttpCommandExecutor.java:158)\n\tat org.openqa.selenium.remote.RemoteWebDriver.execute(RemoteWebDriver.java:552)\n\tat org.openqa.selenium.remote.RemoteWebDriver.findElement(RemoteWebDriver.java:323)\n\tat org.openqa.selenium.remote.RemoteWebDriver.findElementById(RemoteWebDriver.java:372)\n\tat org.openqa.selenium.By$ById.findElement(By.java:188)\n\tat org.openqa.selenium.remote.RemoteWebDriver.findElement(RemoteWebDriver.java:315)\n\tat com.codeborne.selenide.impl.WebElementSelector.findElement(WebElementSelector.java:70)\n\tat com.codeborne.selenide.impl.WebElementSelector.findElement(WebElementSelector.java:44)\n\tat com.codeborne.selenide.impl.WebElementSelector.findElement(WebElementSelector.java:33)\n\tat com.codeborne.selenide.impl.ElementFinder.getWebElement(ElementFinder.java:102)\n\tat com.codeborne.selenide.impl.WebElementSource.checkCondition(WebElementSource.java:99)\n\t... 38 more\n",
        "steps" : [ ],
        "attachments" : [ {
          "uid" : "19bb93b54417ba4f",
          "name" : "Screenshot",
          "source" : "19bb93b54417ba4f.png",
          "type" : "image/png",
          "size" : 6943
        }, {
          "uid" : "988df0197373529b",
          "name" : "Page source",
          "source" : "988df0197373529b.html",
          "type" : "text/html",
          "size" : 143
        } ],
        "parameters" : [ ],
        "stepsCount" : 0,
        "attachmentsCount" : 2,
        "shouldDisplayMessage" : true,
        "hasContent" : true
      } ],
      "attachments" : [ ],
      "parameters" : [ {
        "name" : "i",
        "value" : "6"
      } ],
      "stepsCount" : 2,
      "attachmentsCount" : 2,
      "shouldDisplayMessage" : false,
      "hasContent" : true
    }, {
      "name" : "$(\"back\") ",
      "time" : {
        "start" : 1638460856189,
        "stop" : 1638460856220,
        "duration" : 31
      },
      "status" : "passed",
      "steps" : [ ],
      "attachments" : [ ],
      "parameters" : [ ],
      "stepsCount" : 0,
      "attachmentsCount" : 0,
      "shouldDisplayMessage" : false,
      "hasContent" : false
    }, {
      "name" : "checkTag",
      "time" : {
        "start" : 1638460856246,
        "stop" : 1638460860767,
        "duration" : 4521
      },
      "status" : "passed",
      "steps" : [ {
        "name" : "$(\"By.tagName: a[7]\") click()",
        "time" : {
          "start" : 1638460856246,
          "stop" : 1638460856328,
          "duration" : 82
        },
        "status" : "passed",
        "steps" : [ ],
        "attachments" : [ ],
        "parameters" : [ ],
        "stepsCount" : 0,
        "attachmentsCount" : 0,
        "shouldDisplayMessage" : false,
        "hasContent" : false
      }, {
        "name" : "$(\"By.id: test_me\") should have(text 'I`m gonna be tested')",
        "time" : {
          "start" : 1638460856329,
          "stop" : 1638460860767,
          "duration" : 4438
        },
        "status" : "failed",
        "statusMessage" : "Element should have text 'I`m gonna be tested' {By.id: test_me}\nElement: '<p id=\"test_me\">I'm gonna be tested</p>'\nScreenshot: file:/builds/testopstraining/group4/super-site/tests/build/reports/tests/1638460860401.5.png\nPage source: file:/builds/testopstraining/group4/super-site/tests/build/reports/tests/1638460860401.5.html\nTimeout: 4 s.",
        "statusTrace" : "Element should have text 'I`m gonna be tested' {By.id: test_me}\nElement: '<p id=\"test_me\">I'm gonna be tested</p>'\nScreenshot: file:/builds/testopstraining/group4/super-site/tests/build/reports/tests/1638460860401.5.png\nPage source: file:/builds/testopstraining/group4/super-site/tests/build/reports/tests/1638460860401.5.html\nTimeout: 4 s.\n\tat com.codeborne.selenide.impl.WebElementSource.checkCondition(WebElementSource.java:121)\n\tat com.codeborne.selenide.commands.Should.execute(Should.java:30)\n\tat com.codeborne.selenide.commands.Should.execute(Should.java:14)\n\tat com.codeborne.selenide.commands.Commands.execute(Commands.java:155)\n\tat com.codeborne.selenide.impl.SelenideElementProxy.dispatchAndRetry(SelenideElementProxy.java:133)\n\tat com.codeborne.selenide.impl.SelenideElementProxy.invoke(SelenideElementProxy.java:85)\n\tat com.sun.proxy.$Proxy12.shouldHave(Unknown Source)\n\tat de.telekom.supersite.SuperTest.checkTag(SuperTest.java:65)\n\tat de.telekom.supersite.SuperTest.userCanSearchAnyKeyword(SuperTest.java:56)\n\tat java.base/jdk.internal.reflect.NativeMethodAccessorImpl.invoke0(Native Method)\n\tat java.base/jdk.internal.reflect.NativeMethodAccessorImpl.invoke(NativeMethodAccessorImpl.java:62)\n\tat java.base/jdk.internal.reflect.DelegatingMethodAccessorImpl.invoke(DelegatingMethodAccessorImpl.java:43)\n\tat java.base/java.lang.reflect.Method.invoke(Method.java:566)\n\tat org.junit.runners.model.FrameworkMethod$1.runReflectiveCall(FrameworkMethod.java:59)\n\tat org.junit.internal.runners.model.ReflectiveCallable.run(ReflectiveCallable.java:12)\n\tat org.junit.runners.model.FrameworkMethod.invokeExplosively(FrameworkMethod.java:56)\n\tat org.junit.internal.runners.statements.InvokeMethod.evaluate(InvokeMethod.java:17)\n\tat org.junit.rules.ExternalResource$1.evaluate(ExternalResource.java:54)\n\tat org.junit.runners.ParentRunner$3.evaluate(ParentRunner.java:306)\n\tat org.junit.runners.BlockJUnit4ClassRunner$1.evaluate(BlockJUnit4ClassRunner.java:100)\n\tat org.junit.runners.ParentRunner.runLeaf(ParentRunner.java:366)\n\tat org.junit.runners.BlockJUnit4ClassRunner.runChild(BlockJUnit4ClassRunner.java:103)\n\tat org.junit.runners.BlockJUnit4ClassRunner.runChild(BlockJUnit4ClassRunner.java:63)\n\tat org.junit.runners.ParentRunner$4.run(ParentRunner.java:331)\n\tat org.junit.runners.ParentRunner$1.schedule(ParentRunner.java:79)\n\tat org.junit.runners.ParentRunner.runChildren(ParentRunner.java:329)\n\tat org.junit.runners.ParentRunner.access$100(ParentRunner.java:66)\n\tat org.junit.runners.ParentRunner$2.evaluate(ParentRunner.java:293)\n\tat org.junit.internal.runners.statements.RunBefores.evaluate(RunBefores.java:26)\n\tat org.junit.runners.ParentRunner$3.evaluate(ParentRunner.java:306)\n\tat org.junit.runners.ParentRunner.run(ParentRunner.java:413)\n\tat org.apache.maven.surefire.junit4.JUnit4Provider.execute(JUnit4Provider.java:364)\n\tat org.apache.maven.surefire.junit4.JUnit4Provider.executeWithRerun(JUnit4Provider.java:272)\n\tat org.apache.maven.surefire.junit4.JUnit4Provider.executeTestSet(JUnit4Provider.java:237)\n\tat org.apache.maven.surefire.junit4.JUnit4Provider.invoke(JUnit4Provider.java:158)\n\tat org.apache.maven.surefire.booter.ForkedBooter.runSuitesInProcess(ForkedBooter.java:428)\n\tat org.apache.maven.surefire.booter.ForkedBooter.execute(ForkedBooter.java:162)\n\tat org.apache.maven.surefire.booter.ForkedBooter.run(ForkedBooter.java:562)\n\tat org.apache.maven.surefire.booter.ForkedBooter.main(ForkedBooter.java:548)\n",
        "steps" : [ ],
        "attachments" : [ {
          "uid" : "bff2376c6b0a73d4",
          "name" : "Screenshot",
          "source" : "bff2376c6b0a73d4.png",
          "type" : "image/png",
          "size" : 77757
        }, {
          "uid" : "c310dcf9be3a9e3e",
          "name" : "Page source",
          "source" : "c310dcf9be3a9e3e.html",
          "type" : "text/html",
          "size" : 1459
        } ],
        "parameters" : [ ],
        "stepsCount" : 0,
        "attachmentsCount" : 2,
        "shouldDisplayMessage" : true,
        "hasContent" : true
      } ],
      "attachments" : [ ],
      "parameters" : [ {
        "name" : "i",
        "value" : "7"
      } ],
      "stepsCount" : 2,
      "attachmentsCount" : 2,
      "shouldDisplayMessage" : false,
      "hasContent" : true
    }, {
      "name" : "$(\"back\") ",
      "time" : {
        "start" : 1638460860767,
        "stop" : 1638460860797,
        "duration" : 30
      },
      "status" : "passed",
      "steps" : [ ],
      "attachments" : [ ],
      "parameters" : [ ],
      "stepsCount" : 0,
      "attachmentsCount" : 0,
      "shouldDisplayMessage" : false,
      "hasContent" : false
    }, {
      "name" : "checkTag",
      "time" : {
        "start" : 1638460860813,
        "stop" : 1638460865274,
        "duration" : 4461
      },
      "status" : "passed",
      "steps" : [ {
        "name" : "$(\"By.tagName: a[8]\") click()",
        "time" : {
          "start" : 1638460860813,
          "stop" : 1638460860902,
          "duration" : 89
        },
        "status" : "passed",
        "steps" : [ ],
        "attachments" : [ ],
        "parameters" : [ ],
        "stepsCount" : 0,
        "attachmentsCount" : 0,
        "shouldDisplayMessage" : false,
        "hasContent" : false
      }, {
        "name" : "$(\"By.id: test_me\") should have(text 'I`m gonna be tested')",
        "time" : {
          "start" : 1638460860902,
          "stop" : 1638460865273,
          "duration" : 4371
        },
        "status" : "failed",
        "statusMessage" : "Element not found {By.id: test_me}\nExpected: text 'I`m gonna be tested'\nScreenshot: file:/builds/testopstraining/group4/super-site/tests/build/reports/tests/1638460864943.6.png\nPage source: file:/builds/testopstraining/group4/super-site/tests/build/reports/tests/1638460864943.6.html\nTimeout: 4 s.\nCaused by: NoSuchElementException: no such element: Unable to locate element: {\"method\":\"css selector\",\"selector\":\"#test_me\"}",
        "statusTrace" : "Element not found {By.id: test_me}\nExpected: text 'I`m gonna be tested'\nScreenshot: file:/builds/testopstraining/group4/super-site/tests/build/reports/tests/1638460864943.6.png\nPage source: file:/builds/testopstraining/group4/super-site/tests/build/reports/tests/1638460864943.6.html\nTimeout: 4 s.\nCaused by: NoSuchElementException: no such element: Unable to locate element: {\"method\":\"css selector\",\"selector\":\"#test_me\"}\n\tat com.codeborne.selenide.impl.WebElementSource.createElementNotFoundError(WebElementSource.java:83)\n\tat com.codeborne.selenide.impl.ElementFinder.createElementNotFoundError(ElementFinder.java:122)\n\tat com.codeborne.selenide.impl.WebElementSource.checkCondition(WebElementSource.java:114)\n\tat com.codeborne.selenide.commands.Should.execute(Should.java:30)\n\tat com.codeborne.selenide.commands.Should.execute(Should.java:14)\n\tat com.codeborne.selenide.commands.Commands.execute(Commands.java:155)\n\tat com.codeborne.selenide.impl.SelenideElementProxy.dispatchAndRetry(SelenideElementProxy.java:133)\n\tat com.codeborne.selenide.impl.SelenideElementProxy.invoke(SelenideElementProxy.java:85)\n\tat com.sun.proxy.$Proxy12.shouldHave(Unknown Source)\n\tat de.telekom.supersite.SuperTest.checkTag(SuperTest.java:65)\n\tat de.telekom.supersite.SuperTest.userCanSearchAnyKeyword(SuperTest.java:56)\n\tat java.base/jdk.internal.reflect.NativeMethodAccessorImpl.invoke0(Native Method)\n\tat java.base/jdk.internal.reflect.NativeMethodAccessorImpl.invoke(NativeMethodAccessorImpl.java:62)\n\tat java.base/jdk.internal.reflect.DelegatingMethodAccessorImpl.invoke(DelegatingMethodAccessorImpl.java:43)\n\tat java.base/java.lang.reflect.Method.invoke(Method.java:566)\n\tat org.junit.runners.model.FrameworkMethod$1.runReflectiveCall(FrameworkMethod.java:59)\n\tat org.junit.internal.runners.model.ReflectiveCallable.run(ReflectiveCallable.java:12)\n\tat org.junit.runners.model.FrameworkMethod.invokeExplosively(FrameworkMethod.java:56)\n\tat org.junit.internal.runners.statements.InvokeMethod.evaluate(InvokeMethod.java:17)\n\tat org.junit.rules.ExternalResource$1.evaluate(ExternalResource.java:54)\n\tat org.junit.runners.ParentRunner$3.evaluate(ParentRunner.java:306)\n\tat org.junit.runners.BlockJUnit4ClassRunner$1.evaluate(BlockJUnit4ClassRunner.java:100)\n\tat org.junit.runners.ParentRunner.runLeaf(ParentRunner.java:366)\n\tat org.junit.runners.BlockJUnit4ClassRunner.runChild(BlockJUnit4ClassRunner.java:103)\n\tat org.junit.runners.BlockJUnit4ClassRunner.runChild(BlockJUnit4ClassRunner.java:63)\n\tat org.junit.runners.ParentRunner$4.run(ParentRunner.java:331)\n\tat org.junit.runners.ParentRunner$1.schedule(ParentRunner.java:79)\n\tat org.junit.runners.ParentRunner.runChildren(ParentRunner.java:329)\n\tat org.junit.runners.ParentRunner.access$100(ParentRunner.java:66)\n\tat org.junit.runners.ParentRunner$2.evaluate(ParentRunner.java:293)\n\tat org.junit.internal.runners.statements.RunBefores.evaluate(RunBefores.java:26)\n\tat org.junit.runners.ParentRunner$3.evaluate(ParentRunner.java:306)\n\tat org.junit.runners.ParentRunner.run(ParentRunner.java:413)\n\tat org.apache.maven.surefire.junit4.JUnit4Provider.execute(JUnit4Provider.java:364)\n\tat org.apache.maven.surefire.junit4.JUnit4Provider.executeWithRerun(JUnit4Provider.java:272)\n\tat org.apache.maven.surefire.junit4.JUnit4Provider.executeTestSet(JUnit4Provider.java:237)\n\tat org.apache.maven.surefire.junit4.JUnit4Provider.invoke(JUnit4Provider.java:158)\n\tat org.apache.maven.surefire.booter.ForkedBooter.runSuitesInProcess(ForkedBooter.java:428)\n\tat org.apache.maven.surefire.booter.ForkedBooter.execute(ForkedBooter.java:162)\n\tat org.apache.maven.surefire.booter.ForkedBooter.run(ForkedBooter.java:562)\n\tat org.apache.maven.surefire.booter.ForkedBooter.main(ForkedBooter.java:548)\nCaused by: org.openqa.selenium.NoSuchElementException: no such element: Unable to locate element: {\"method\":\"css selector\",\"selector\":\"#test_me\"}\n  (Session info: chrome=91.0.4472.114)\nFor documentation on this error, please visit: https://www.seleniumhq.org/exceptions/no_such_element.html\nBuild info: version: '3.141.59', revision: 'e82be7d358', time: '2018-11-14T08:17:03'\nSystem info: host: 'runner-h34vzcc-project-61258-concurrent-0', ip: '172.17.0.4', os.name: 'Linux', os.arch: 'amd64', os.version: '4.15.0-153-generic', java.version: '11.0.4'\nDriver info: org.openqa.selenium.remote.RemoteWebDriver\nCapabilities {acceptInsecureCerts: true, browserName: chrome, browserVersion: 91.0.4472.114, chrome: {chromedriverVersion: 91.0.4472.101 (af52a90bf870..., userDataDir: /tmp/.com.google.Chrome.tSsbN7}, goog:chromeOptions: {debuggerAddress: localhost:46601}, javascriptEnabled: true, networkConnectionEnabled: false, pageLoadStrategy: normal, platform: LINUX, platformName: LINUX, proxy: Proxy(), se:cdp: ws://172.17.0.2:4444/sessio..., se:cdpVersion: 91.0.4472.114, se:vnc: ws://172.17.0.2:4444/sessio..., se:vncEnabled: true, se:vncLocalAddress: ws://localhost:7900/websockify, setWindowRect: true, strictFileInteractability: false, timeouts: {implicit: 0, pageLoad: 300000, script: 30000}, unhandledPromptBehavior: dismiss and notify, webauthn:extension:largeBlob: true, webauthn:virtualAuthenticators: true}\nSession ID: 523b9d30cdc2c1e518896ca797d5fbc3\n*** Element info: {Using=id, value=test_me}\n\tat jdk.internal.reflect.GeneratedConstructorAccessor10.newInstance(Unknown Source)\n\tat java.base/jdk.internal.reflect.DelegatingConstructorAccessorImpl.newInstance(DelegatingConstructorAccessorImpl.java:45)\n\tat java.base/java.lang.reflect.Constructor.newInstance(Constructor.java:490)\n\tat org.openqa.selenium.remote.http.W3CHttpResponseCodec.createException(W3CHttpResponseCodec.java:187)\n\tat org.openqa.selenium.remote.http.W3CHttpResponseCodec.decode(W3CHttpResponseCodec.java:122)\n\tat org.openqa.selenium.remote.http.W3CHttpResponseCodec.decode(W3CHttpResponseCodec.java:49)\n\tat org.openqa.selenium.remote.HttpCommandExecutor.execute(HttpCommandExecutor.java:158)\n\tat org.openqa.selenium.remote.RemoteWebDriver.execute(RemoteWebDriver.java:552)\n\tat org.openqa.selenium.remote.RemoteWebDriver.findElement(RemoteWebDriver.java:323)\n\tat org.openqa.selenium.remote.RemoteWebDriver.findElementById(RemoteWebDriver.java:372)\n\tat org.openqa.selenium.By$ById.findElement(By.java:188)\n\tat org.openqa.selenium.remote.RemoteWebDriver.findElement(RemoteWebDriver.java:315)\n\tat com.codeborne.selenide.impl.WebElementSelector.findElement(WebElementSelector.java:70)\n\tat com.codeborne.selenide.impl.WebElementSelector.findElement(WebElementSelector.java:44)\n\tat com.codeborne.selenide.impl.WebElementSelector.findElement(WebElementSelector.java:33)\n\tat com.codeborne.selenide.impl.ElementFinder.getWebElement(ElementFinder.java:102)\n\tat com.codeborne.selenide.impl.WebElementSource.checkCondition(WebElementSource.java:99)\n\t... 38 more\n",
        "steps" : [ ],
        "attachments" : [ {
          "uid" : "7d13af1851860403",
          "name" : "Screenshot",
          "source" : "7d13af1851860403.png",
          "type" : "image/png",
          "size" : 36915
        }, {
          "uid" : "ce8ea00b5c426b1",
          "name" : "Page source",
          "source" : "ce8ea00b5c426b1.html",
          "type" : "text/html",
          "size" : 540
        } ],
        "parameters" : [ ],
        "stepsCount" : 0,
        "attachmentsCount" : 2,
        "shouldDisplayMessage" : true,
        "hasContent" : true
      } ],
      "attachments" : [ ],
      "parameters" : [ {
        "name" : "i",
        "value" : "8"
      } ],
      "stepsCount" : 2,
      "attachmentsCount" : 2,
      "shouldDisplayMessage" : false,
      "hasContent" : true
    }, {
      "name" : "$(\"back\") ",
      "time" : {
        "start" : 1638460865274,
        "stop" : 1638460865303,
        "duration" : 29
      },
      "status" : "passed",
      "steps" : [ ],
      "attachments" : [ ],
      "parameters" : [ ],
      "stepsCount" : 0,
      "attachmentsCount" : 0,
      "shouldDisplayMessage" : false,
      "hasContent" : false
    }, {
      "name" : "checkTag",
      "time" : {
        "start" : 1638460865317,
        "stop" : 1638460869739,
        "duration" : 4422
      },
      "status" : "passed",
      "steps" : [ {
        "name" : "$(\"By.tagName: a[9]\") click()",
        "time" : {
          "start" : 1638460865317,
          "stop" : 1638460865397,
          "duration" : 80
        },
        "status" : "passed",
        "steps" : [ ],
        "attachments" : [ ],
        "parameters" : [ ],
        "stepsCount" : 0,
        "attachmentsCount" : 0,
        "shouldDisplayMessage" : false,
        "hasContent" : false
      }, {
        "name" : "$(\"By.id: test_me\") should have(text 'I`m gonna be tested')",
        "time" : {
          "start" : 1638460865397,
          "stop" : 1638460869739,
          "duration" : 4342
        },
        "status" : "failed",
        "statusMessage" : "Element not found {By.id: test_me}\nExpected: text 'I`m gonna be tested'\nScreenshot: file:/builds/testopstraining/group4/super-site/tests/build/reports/tests/1638460869442.7.png\nPage source: file:/builds/testopstraining/group4/super-site/tests/build/reports/tests/1638460869442.7.html\nTimeout: 4 s.\nCaused by: NoSuchElementException: no such element: Unable to locate element: {\"method\":\"css selector\",\"selector\":\"#test_me\"}",
        "statusTrace" : "Element not found {By.id: test_me}\nExpected: text 'I`m gonna be tested'\nScreenshot: file:/builds/testopstraining/group4/super-site/tests/build/reports/tests/1638460869442.7.png\nPage source: file:/builds/testopstraining/group4/super-site/tests/build/reports/tests/1638460869442.7.html\nTimeout: 4 s.\nCaused by: NoSuchElementException: no such element: Unable to locate element: {\"method\":\"css selector\",\"selector\":\"#test_me\"}\n\tat com.codeborne.selenide.impl.WebElementSource.createElementNotFoundError(WebElementSource.java:83)\n\tat com.codeborne.selenide.impl.ElementFinder.createElementNotFoundError(ElementFinder.java:122)\n\tat com.codeborne.selenide.impl.WebElementSource.checkCondition(WebElementSource.java:114)\n\tat com.codeborne.selenide.commands.Should.execute(Should.java:30)\n\tat com.codeborne.selenide.commands.Should.execute(Should.java:14)\n\tat com.codeborne.selenide.commands.Commands.execute(Commands.java:155)\n\tat com.codeborne.selenide.impl.SelenideElementProxy.dispatchAndRetry(SelenideElementProxy.java:133)\n\tat com.codeborne.selenide.impl.SelenideElementProxy.invoke(SelenideElementProxy.java:85)\n\tat com.sun.proxy.$Proxy12.shouldHave(Unknown Source)\n\tat de.telekom.supersite.SuperTest.checkTag(SuperTest.java:65)\n\tat de.telekom.supersite.SuperTest.userCanSearchAnyKeyword(SuperTest.java:56)\n\tat java.base/jdk.internal.reflect.NativeMethodAccessorImpl.invoke0(Native Method)\n\tat java.base/jdk.internal.reflect.NativeMethodAccessorImpl.invoke(NativeMethodAccessorImpl.java:62)\n\tat java.base/jdk.internal.reflect.DelegatingMethodAccessorImpl.invoke(DelegatingMethodAccessorImpl.java:43)\n\tat java.base/java.lang.reflect.Method.invoke(Method.java:566)\n\tat org.junit.runners.model.FrameworkMethod$1.runReflectiveCall(FrameworkMethod.java:59)\n\tat org.junit.internal.runners.model.ReflectiveCallable.run(ReflectiveCallable.java:12)\n\tat org.junit.runners.model.FrameworkMethod.invokeExplosively(FrameworkMethod.java:56)\n\tat org.junit.internal.runners.statements.InvokeMethod.evaluate(InvokeMethod.java:17)\n\tat org.junit.rules.ExternalResource$1.evaluate(ExternalResource.java:54)\n\tat org.junit.runners.ParentRunner$3.evaluate(ParentRunner.java:306)\n\tat org.junit.runners.BlockJUnit4ClassRunner$1.evaluate(BlockJUnit4ClassRunner.java:100)\n\tat org.junit.runners.ParentRunner.runLeaf(ParentRunner.java:366)\n\tat org.junit.runners.BlockJUnit4ClassRunner.runChild(BlockJUnit4ClassRunner.java:103)\n\tat org.junit.runners.BlockJUnit4ClassRunner.runChild(BlockJUnit4ClassRunner.java:63)\n\tat org.junit.runners.ParentRunner$4.run(ParentRunner.java:331)\n\tat org.junit.runners.ParentRunner$1.schedule(ParentRunner.java:79)\n\tat org.junit.runners.ParentRunner.runChildren(ParentRunner.java:329)\n\tat org.junit.runners.ParentRunner.access$100(ParentRunner.java:66)\n\tat org.junit.runners.ParentRunner$2.evaluate(ParentRunner.java:293)\n\tat org.junit.internal.runners.statements.RunBefores.evaluate(RunBefores.java:26)\n\tat org.junit.runners.ParentRunner$3.evaluate(ParentRunner.java:306)\n\tat org.junit.runners.ParentRunner.run(ParentRunner.java:413)\n\tat org.apache.maven.surefire.junit4.JUnit4Provider.execute(JUnit4Provider.java:364)\n\tat org.apache.maven.surefire.junit4.JUnit4Provider.executeWithRerun(JUnit4Provider.java:272)\n\tat org.apache.maven.surefire.junit4.JUnit4Provider.executeTestSet(JUnit4Provider.java:237)\n\tat org.apache.maven.surefire.junit4.JUnit4Provider.invoke(JUnit4Provider.java:158)\n\tat org.apache.maven.surefire.booter.ForkedBooter.runSuitesInProcess(ForkedBooter.java:428)\n\tat org.apache.maven.surefire.booter.ForkedBooter.execute(ForkedBooter.java:162)\n\tat org.apache.maven.surefire.booter.ForkedBooter.run(ForkedBooter.java:562)\n\tat org.apache.maven.surefire.booter.ForkedBooter.main(ForkedBooter.java:548)\nCaused by: org.openqa.selenium.NoSuchElementException: no such element: Unable to locate element: {\"method\":\"css selector\",\"selector\":\"#test_me\"}\n  (Session info: chrome=91.0.4472.114)\nFor documentation on this error, please visit: https://www.seleniumhq.org/exceptions/no_such_element.html\nBuild info: version: '3.141.59', revision: 'e82be7d358', time: '2018-11-14T08:17:03'\nSystem info: host: 'runner-h34vzcc-project-61258-concurrent-0', ip: '172.17.0.4', os.name: 'Linux', os.arch: 'amd64', os.version: '4.15.0-153-generic', java.version: '11.0.4'\nDriver info: org.openqa.selenium.remote.RemoteWebDriver\nCapabilities {acceptInsecureCerts: true, browserName: chrome, browserVersion: 91.0.4472.114, chrome: {chromedriverVersion: 91.0.4472.101 (af52a90bf870..., userDataDir: /tmp/.com.google.Chrome.tSsbN7}, goog:chromeOptions: {debuggerAddress: localhost:46601}, javascriptEnabled: true, networkConnectionEnabled: false, pageLoadStrategy: normal, platform: LINUX, platformName: LINUX, proxy: Proxy(), se:cdp: ws://172.17.0.2:4444/sessio..., se:cdpVersion: 91.0.4472.114, se:vnc: ws://172.17.0.2:4444/sessio..., se:vncEnabled: true, se:vncLocalAddress: ws://localhost:7900/websockify, setWindowRect: true, strictFileInteractability: false, timeouts: {implicit: 0, pageLoad: 300000, script: 30000}, unhandledPromptBehavior: dismiss and notify, webauthn:extension:largeBlob: true, webauthn:virtualAuthenticators: true}\nSession ID: 523b9d30cdc2c1e518896ca797d5fbc3\n*** Element info: {Using=id, value=test_me}\n\tat jdk.internal.reflect.GeneratedConstructorAccessor10.newInstance(Unknown Source)\n\tat java.base/jdk.internal.reflect.DelegatingConstructorAccessorImpl.newInstance(DelegatingConstructorAccessorImpl.java:45)\n\tat java.base/java.lang.reflect.Constructor.newInstance(Constructor.java:490)\n\tat org.openqa.selenium.remote.http.W3CHttpResponseCodec.createException(W3CHttpResponseCodec.java:187)\n\tat org.openqa.selenium.remote.http.W3CHttpResponseCodec.decode(W3CHttpResponseCodec.java:122)\n\tat org.openqa.selenium.remote.http.W3CHttpResponseCodec.decode(W3CHttpResponseCodec.java:49)\n\tat org.openqa.selenium.remote.HttpCommandExecutor.execute(HttpCommandExecutor.java:158)\n\tat org.openqa.selenium.remote.RemoteWebDriver.execute(RemoteWebDriver.java:552)\n\tat org.openqa.selenium.remote.RemoteWebDriver.findElement(RemoteWebDriver.java:323)\n\tat org.openqa.selenium.remote.RemoteWebDriver.findElementById(RemoteWebDriver.java:372)\n\tat org.openqa.selenium.By$ById.findElement(By.java:188)\n\tat org.openqa.selenium.remote.RemoteWebDriver.findElement(RemoteWebDriver.java:315)\n\tat com.codeborne.selenide.impl.WebElementSelector.findElement(WebElementSelector.java:70)\n\tat com.codeborne.selenide.impl.WebElementSelector.findElement(WebElementSelector.java:44)\n\tat com.codeborne.selenide.impl.WebElementSelector.findElement(WebElementSelector.java:33)\n\tat com.codeborne.selenide.impl.ElementFinder.getWebElement(ElementFinder.java:102)\n\tat com.codeborne.selenide.impl.WebElementSource.checkCondition(WebElementSource.java:99)\n\t... 38 more\n",
        "steps" : [ ],
        "attachments" : [ {
          "uid" : "b9bce8bdd643dd44",
          "name" : "Screenshot",
          "source" : "b9bce8bdd643dd44.png",
          "type" : "image/png",
          "size" : 15745
        }, {
          "uid" : "672ecf8ff15626d3",
          "name" : "Page source",
          "source" : "672ecf8ff15626d3.html",
          "type" : "text/html",
          "size" : 184
        } ],
        "parameters" : [ ],
        "stepsCount" : 0,
        "attachmentsCount" : 2,
        "shouldDisplayMessage" : true,
        "hasContent" : true
      } ],
      "attachments" : [ ],
      "parameters" : [ {
        "name" : "i",
        "value" : "9"
      } ],
      "stepsCount" : 2,
      "attachmentsCount" : 2,
      "shouldDisplayMessage" : false,
      "hasContent" : true
    }, {
      "name" : "$(\"back\") ",
      "time" : {
        "start" : 1638460869739,
        "stop" : 1638460869769,
        "duration" : 30
      },
      "status" : "passed",
      "steps" : [ ],
      "attachments" : [ ],
      "parameters" : [ ],
      "stepsCount" : 0,
      "attachmentsCount" : 0,
      "shouldDisplayMessage" : false,
      "hasContent" : false
    }, {
      "name" : "checkTag",
      "time" : {
        "start" : 1638460869790,
        "stop" : 1638460874208,
        "duration" : 4418
      },
      "status" : "passed",
      "steps" : [ {
        "name" : "$(\"By.tagName: a[10]\") click()",
        "time" : {
          "start" : 1638460869790,
          "stop" : 1638460869891,
          "duration" : 101
        },
        "status" : "passed",
        "steps" : [ ],
        "attachments" : [ ],
        "parameters" : [ ],
        "stepsCount" : 0,
        "attachmentsCount" : 0,
        "shouldDisplayMessage" : false,
        "hasContent" : false
      }, {
        "name" : "$(\"By.id: test_me\") should have(text 'I`m gonna be tested')",
        "time" : {
          "start" : 1638460869891,
          "stop" : 1638460874208,
          "duration" : 4317
        },
        "status" : "failed",
        "statusMessage" : "Element not found {By.id: test_me}\nExpected: text 'I`m gonna be tested'\nScreenshot: file:/builds/testopstraining/group4/super-site/tests/build/reports/tests/1638460873912.8.png\nPage source: file:/builds/testopstraining/group4/super-site/tests/build/reports/tests/1638460873912.8.html\nTimeout: 4 s.\nCaused by: NoSuchElementException: no such element: Unable to locate element: {\"method\":\"css selector\",\"selector\":\"#test_me\"}",
        "statusTrace" : "Element not found {By.id: test_me}\nExpected: text 'I`m gonna be tested'\nScreenshot: file:/builds/testopstraining/group4/super-site/tests/build/reports/tests/1638460873912.8.png\nPage source: file:/builds/testopstraining/group4/super-site/tests/build/reports/tests/1638460873912.8.html\nTimeout: 4 s.\nCaused by: NoSuchElementException: no such element: Unable to locate element: {\"method\":\"css selector\",\"selector\":\"#test_me\"}\n\tat com.codeborne.selenide.impl.WebElementSource.createElementNotFoundError(WebElementSource.java:83)\n\tat com.codeborne.selenide.impl.ElementFinder.createElementNotFoundError(ElementFinder.java:122)\n\tat com.codeborne.selenide.impl.WebElementSource.checkCondition(WebElementSource.java:114)\n\tat com.codeborne.selenide.commands.Should.execute(Should.java:30)\n\tat com.codeborne.selenide.commands.Should.execute(Should.java:14)\n\tat com.codeborne.selenide.commands.Commands.execute(Commands.java:155)\n\tat com.codeborne.selenide.impl.SelenideElementProxy.dispatchAndRetry(SelenideElementProxy.java:133)\n\tat com.codeborne.selenide.impl.SelenideElementProxy.invoke(SelenideElementProxy.java:85)\n\tat com.sun.proxy.$Proxy12.shouldHave(Unknown Source)\n\tat de.telekom.supersite.SuperTest.checkTag(SuperTest.java:65)\n\tat de.telekom.supersite.SuperTest.userCanSearchAnyKeyword(SuperTest.java:56)\n\tat java.base/jdk.internal.reflect.NativeMethodAccessorImpl.invoke0(Native Method)\n\tat java.base/jdk.internal.reflect.NativeMethodAccessorImpl.invoke(NativeMethodAccessorImpl.java:62)\n\tat java.base/jdk.internal.reflect.DelegatingMethodAccessorImpl.invoke(DelegatingMethodAccessorImpl.java:43)\n\tat java.base/java.lang.reflect.Method.invoke(Method.java:566)\n\tat org.junit.runners.model.FrameworkMethod$1.runReflectiveCall(FrameworkMethod.java:59)\n\tat org.junit.internal.runners.model.ReflectiveCallable.run(ReflectiveCallable.java:12)\n\tat org.junit.runners.model.FrameworkMethod.invokeExplosively(FrameworkMethod.java:56)\n\tat org.junit.internal.runners.statements.InvokeMethod.evaluate(InvokeMethod.java:17)\n\tat org.junit.rules.ExternalResource$1.evaluate(ExternalResource.java:54)\n\tat org.junit.runners.ParentRunner$3.evaluate(ParentRunner.java:306)\n\tat org.junit.runners.BlockJUnit4ClassRunner$1.evaluate(BlockJUnit4ClassRunner.java:100)\n\tat org.junit.runners.ParentRunner.runLeaf(ParentRunner.java:366)\n\tat org.junit.runners.BlockJUnit4ClassRunner.runChild(BlockJUnit4ClassRunner.java:103)\n\tat org.junit.runners.BlockJUnit4ClassRunner.runChild(BlockJUnit4ClassRunner.java:63)\n\tat org.junit.runners.ParentRunner$4.run(ParentRunner.java:331)\n\tat org.junit.runners.ParentRunner$1.schedule(ParentRunner.java:79)\n\tat org.junit.runners.ParentRunner.runChildren(ParentRunner.java:329)\n\tat org.junit.runners.ParentRunner.access$100(ParentRunner.java:66)\n\tat org.junit.runners.ParentRunner$2.evaluate(ParentRunner.java:293)\n\tat org.junit.internal.runners.statements.RunBefores.evaluate(RunBefores.java:26)\n\tat org.junit.runners.ParentRunner$3.evaluate(ParentRunner.java:306)\n\tat org.junit.runners.ParentRunner.run(ParentRunner.java:413)\n\tat org.apache.maven.surefire.junit4.JUnit4Provider.execute(JUnit4Provider.java:364)\n\tat org.apache.maven.surefire.junit4.JUnit4Provider.executeWithRerun(JUnit4Provider.java:272)\n\tat org.apache.maven.surefire.junit4.JUnit4Provider.executeTestSet(JUnit4Provider.java:237)\n\tat org.apache.maven.surefire.junit4.JUnit4Provider.invoke(JUnit4Provider.java:158)\n\tat org.apache.maven.surefire.booter.ForkedBooter.runSuitesInProcess(ForkedBooter.java:428)\n\tat org.apache.maven.surefire.booter.ForkedBooter.execute(ForkedBooter.java:162)\n\tat org.apache.maven.surefire.booter.ForkedBooter.run(ForkedBooter.java:562)\n\tat org.apache.maven.surefire.booter.ForkedBooter.main(ForkedBooter.java:548)\nCaused by: org.openqa.selenium.NoSuchElementException: no such element: Unable to locate element: {\"method\":\"css selector\",\"selector\":\"#test_me\"}\n  (Session info: chrome=91.0.4472.114)\nFor documentation on this error, please visit: https://www.seleniumhq.org/exceptions/no_such_element.html\nBuild info: version: '3.141.59', revision: 'e82be7d358', time: '2018-11-14T08:17:03'\nSystem info: host: 'runner-h34vzcc-project-61258-concurrent-0', ip: '172.17.0.4', os.name: 'Linux', os.arch: 'amd64', os.version: '4.15.0-153-generic', java.version: '11.0.4'\nDriver info: org.openqa.selenium.remote.RemoteWebDriver\nCapabilities {acceptInsecureCerts: true, browserName: chrome, browserVersion: 91.0.4472.114, chrome: {chromedriverVersion: 91.0.4472.101 (af52a90bf870..., userDataDir: /tmp/.com.google.Chrome.tSsbN7}, goog:chromeOptions: {debuggerAddress: localhost:46601}, javascriptEnabled: true, networkConnectionEnabled: false, pageLoadStrategy: normal, platform: LINUX, platformName: LINUX, proxy: Proxy(), se:cdp: ws://172.17.0.2:4444/sessio..., se:cdpVersion: 91.0.4472.114, se:vnc: ws://172.17.0.2:4444/sessio..., se:vncEnabled: true, se:vncLocalAddress: ws://localhost:7900/websockify, setWindowRect: true, strictFileInteractability: false, timeouts: {implicit: 0, pageLoad: 300000, script: 30000}, unhandledPromptBehavior: dismiss and notify, webauthn:extension:largeBlob: true, webauthn:virtualAuthenticators: true}\nSession ID: 523b9d30cdc2c1e518896ca797d5fbc3\n*** Element info: {Using=id, value=test_me}\n\tat jdk.internal.reflect.GeneratedConstructorAccessor10.newInstance(Unknown Source)\n\tat java.base/jdk.internal.reflect.DelegatingConstructorAccessorImpl.newInstance(DelegatingConstructorAccessorImpl.java:45)\n\tat java.base/java.lang.reflect.Constructor.newInstance(Constructor.java:490)\n\tat org.openqa.selenium.remote.http.W3CHttpResponseCodec.createException(W3CHttpResponseCodec.java:187)\n\tat org.openqa.selenium.remote.http.W3CHttpResponseCodec.decode(W3CHttpResponseCodec.java:122)\n\tat org.openqa.selenium.remote.http.W3CHttpResponseCodec.decode(W3CHttpResponseCodec.java:49)\n\tat org.openqa.selenium.remote.HttpCommandExecutor.execute(HttpCommandExecutor.java:158)\n\tat org.openqa.selenium.remote.RemoteWebDriver.execute(RemoteWebDriver.java:552)\n\tat org.openqa.selenium.remote.RemoteWebDriver.findElement(RemoteWebDriver.java:323)\n\tat org.openqa.selenium.remote.RemoteWebDriver.findElementById(RemoteWebDriver.java:372)\n\tat org.openqa.selenium.By$ById.findElement(By.java:188)\n\tat org.openqa.selenium.remote.RemoteWebDriver.findElement(RemoteWebDriver.java:315)\n\tat com.codeborne.selenide.impl.WebElementSelector.findElement(WebElementSelector.java:70)\n\tat com.codeborne.selenide.impl.WebElementSelector.findElement(WebElementSelector.java:44)\n\tat com.codeborne.selenide.impl.WebElementSelector.findElement(WebElementSelector.java:33)\n\tat com.codeborne.selenide.impl.ElementFinder.getWebElement(ElementFinder.java:102)\n\tat com.codeborne.selenide.impl.WebElementSource.checkCondition(WebElementSource.java:99)\n\t... 38 more\n",
        "steps" : [ ],
        "attachments" : [ {
          "uid" : "d92c6a8f6fa48c8e",
          "name" : "Screenshot",
          "source" : "d92c6a8f6fa48c8e.png",
          "type" : "image/png",
          "size" : 18721
        }, {
          "uid" : "a0de5f5462fbf1a5",
          "name" : "Page source",
          "source" : "a0de5f5462fbf1a5.html",
          "type" : "text/html",
          "size" : 503
        } ],
        "parameters" : [ ],
        "stepsCount" : 0,
        "attachmentsCount" : 2,
        "shouldDisplayMessage" : true,
        "hasContent" : true
      } ],
      "attachments" : [ ],
      "parameters" : [ {
        "name" : "i",
        "value" : "10"
      } ],
      "stepsCount" : 2,
      "attachmentsCount" : 2,
      "shouldDisplayMessage" : false,
      "hasContent" : true
    }, {
      "name" : "$(\"back\") ",
      "time" : {
        "start" : 1638460874208,
        "stop" : 1638460874234,
        "duration" : 26
      },
      "status" : "passed",
      "steps" : [ ],
      "attachments" : [ ],
      "parameters" : [ ],
      "stepsCount" : 0,
      "attachmentsCount" : 0,
      "shouldDisplayMessage" : false,
      "hasContent" : false
    } ],
    "attachments" : [ ],
    "parameters" : [ ],
    "stepsCount" : 45,
    "attachmentsCount" : 18,
    "shouldDisplayMessage" : true,
    "hasContent" : true
  },
  "afterStages" : [ ],
  "labels" : [ {
    "name" : "package",
    "value" : "de.telekom.supersite"
  }, {
    "name" : "testClass",
    "value" : "de.telekom.supersite.SuperTest"
  }, {
    "name" : "testMethod",
    "value" : "userCanSearchAnyKeyword"
  }, {
    "name" : "suite",
    "value" : "de.telekom.supersite.SuperTest"
  }, {
    "name" : "host",
    "value" : "runner-h34vzcc-project-61258-concurrent-0"
  }, {
    "name" : "thread",
    "value" : "90@runner-h34vzcc-project-61258-concurrent-0.main(1)"
  }, {
    "name" : "framework",
    "value" : "junit4"
  }, {
    "name" : "language",
    "value" : "java"
  }, {
    "name" : "resultFormat",
    "value" : "allure2"
  } ],
  "parameters" : [ ],
  "links" : [ ],
  "hidden" : false,
  "retry" : false,
  "extra" : {
    "severity" : "normal",
    "retries" : [ ],
    "categories" : [ {
      "name" : "Product defects",
      "matchedStatuses" : [ ],
      "flaky" : false
    } ],
    "tags" : [ ]
  },
  "source" : "1ab5b05990aa3128.json",
  "parameterValues" : [ ]
}